   1              	 .syntax unified
   2              	 .cpu cortex-m4
   3              	 .eabi_attribute 27,3
   4              	 .fpu fpv4-sp-d16
   5              	 .eabi_attribute 20,1
   6              	 .eabi_attribute 21,1
   7              	 .eabi_attribute 23,3
   8              	 .eabi_attribute 24,1
   9              	 .eabi_attribute 25,1
  10              	 .eabi_attribute 26,1
  11              	 .eabi_attribute 30,4
  12              	 .eabi_attribute 34,1
  13              	 .eabi_attribute 18,4
  14              	 .thumb
  15              	 .file "main_xmc4700_example.c"
  16              	 .text
  17              	.Ltext0:
  18              	 .cfi_sections .debug_frame
  19              	 .section .text.startup.main,"ax",%progbits
  20              	 .align 1
  21              	 .global main
  22              	 .thumb
  23              	 .thumb_func
  25              	main:
  26              	.LFB387:
  27              	 .file 1 "C:/Users/Yushev/git/optiga-trust-qi/projects/xmc4700_relax_kit/main_xmc4700_example.c"
   1:C:/Users/Yushev/git/optiga-trust-qi/projects/xmc4700_relax_kit\main_xmc4700_example.c **** /**
   2:C:/Users/Yushev/git/optiga-trust-qi/projects/xmc4700_relax_kit\main_xmc4700_example.c **** * \copyright
   3:C:/Users/Yushev/git/optiga-trust-qi/projects/xmc4700_relax_kit\main_xmc4700_example.c **** * MIT License
   4:C:/Users/Yushev/git/optiga-trust-qi/projects/xmc4700_relax_kit\main_xmc4700_example.c **** *
   5:C:/Users/Yushev/git/optiga-trust-qi/projects/xmc4700_relax_kit\main_xmc4700_example.c **** * Copyright (c) 2020 Infineon Technologies AG
   6:C:/Users/Yushev/git/optiga-trust-qi/projects/xmc4700_relax_kit\main_xmc4700_example.c **** *
   7:C:/Users/Yushev/git/optiga-trust-qi/projects/xmc4700_relax_kit\main_xmc4700_example.c **** * Permission is hereby granted, free of charge, to any person obtaining a copy
   8:C:/Users/Yushev/git/optiga-trust-qi/projects/xmc4700_relax_kit\main_xmc4700_example.c **** * of this software and associated documentation files (the "Software"), to deal
   9:C:/Users/Yushev/git/optiga-trust-qi/projects/xmc4700_relax_kit\main_xmc4700_example.c **** * in the Software without restriction, including without limitation the rights
  10:C:/Users/Yushev/git/optiga-trust-qi/projects/xmc4700_relax_kit\main_xmc4700_example.c **** * to use, copy, modify, merge, publish, distribute, sublicense, and/or sell
  11:C:/Users/Yushev/git/optiga-trust-qi/projects/xmc4700_relax_kit\main_xmc4700_example.c **** * copies of the Software, and to permit persons to whom the Software is
  12:C:/Users/Yushev/git/optiga-trust-qi/projects/xmc4700_relax_kit\main_xmc4700_example.c **** * furnished to do so, subject to the following conditions:
  13:C:/Users/Yushev/git/optiga-trust-qi/projects/xmc4700_relax_kit\main_xmc4700_example.c **** *
  14:C:/Users/Yushev/git/optiga-trust-qi/projects/xmc4700_relax_kit\main_xmc4700_example.c **** * The above copyright notice and this permission notice shall be included in all
  15:C:/Users/Yushev/git/optiga-trust-qi/projects/xmc4700_relax_kit\main_xmc4700_example.c **** * copies or substantial portions of the Software.
  16:C:/Users/Yushev/git/optiga-trust-qi/projects/xmc4700_relax_kit\main_xmc4700_example.c **** *
  17:C:/Users/Yushev/git/optiga-trust-qi/projects/xmc4700_relax_kit\main_xmc4700_example.c **** * THE SOFTWARE IS PROVIDED "AS IS", WITHOUT WARRANTY OF ANY KIND, EXPRESS OR
  18:C:/Users/Yushev/git/optiga-trust-qi/projects/xmc4700_relax_kit\main_xmc4700_example.c **** * IMPLIED, INCLUDING BUT NOT LIMITED TO THE WARRANTIES OF MERCHANTABILITY,
  19:C:/Users/Yushev/git/optiga-trust-qi/projects/xmc4700_relax_kit\main_xmc4700_example.c **** * FITNESS FOR A PARTICULAR PURPOSE AND NONINFRINGEMENT. IN NO EVENT SHALL THE
  20:C:/Users/Yushev/git/optiga-trust-qi/projects/xmc4700_relax_kit\main_xmc4700_example.c **** * AUTHORS OR COPYRIGHT HOLDERS BE LIABLE FOR ANY CLAIM, DAMAGES OR OTHER
  21:C:/Users/Yushev/git/optiga-trust-qi/projects/xmc4700_relax_kit\main_xmc4700_example.c **** * LIABILITY, WHETHER IN AN ACTION OF CONTRACT, TORT OR OTHERWISE, ARISING FROM,
  22:C:/Users/Yushev/git/optiga-trust-qi/projects/xmc4700_relax_kit\main_xmc4700_example.c **** * OUT OF OR IN CONNECTION WITH THE SOFTWARE OR THE USE OR OTHER DEALINGS IN THE
  23:C:/Users/Yushev/git/optiga-trust-qi/projects/xmc4700_relax_kit\main_xmc4700_example.c **** * SOFTWARE
  24:C:/Users/Yushev/git/optiga-trust-qi/projects/xmc4700_relax_kit\main_xmc4700_example.c **** *
  25:C:/Users/Yushev/git/optiga-trust-qi/projects/xmc4700_relax_kit\main_xmc4700_example.c **** * \endcopyright
  26:C:/Users/Yushev/git/optiga-trust-qi/projects/xmc4700_relax_kit\main_xmc4700_example.c **** *
  27:C:/Users/Yushev/git/optiga-trust-qi/projects/xmc4700_relax_kit\main_xmc4700_example.c **** * \author Infineon Technologies AG
  28:C:/Users/Yushev/git/optiga-trust-qi/projects/xmc4700_relax_kit\main_xmc4700_example.c **** *
  29:C:/Users/Yushev/git/optiga-trust-qi/projects/xmc4700_relax_kit\main_xmc4700_example.c **** * \file main_xmc4700_sample.c
  30:C:/Users/Yushev/git/optiga-trust-qi/projects/xmc4700_relax_kit\main_xmc4700_example.c **** *
  31:C:/Users/Yushev/git/optiga-trust-qi/projects/xmc4700_relax_kit\main_xmc4700_example.c **** * \brief   This sample demonstrates OPTIGA use cases.
  32:C:/Users/Yushev/git/optiga-trust-qi/projects/xmc4700_relax_kit\main_xmc4700_example.c **** *
  33:C:/Users/Yushev/git/optiga-trust-qi/projects/xmc4700_relax_kit\main_xmc4700_example.c **** * \ingroup grOptigaExamples
  34:C:/Users/Yushev/git/optiga-trust-qi/projects/xmc4700_relax_kit\main_xmc4700_example.c **** *
  35:C:/Users/Yushev/git/optiga-trust-qi/projects/xmc4700_relax_kit\main_xmc4700_example.c **** * @{
  36:C:/Users/Yushev/git/optiga-trust-qi/projects/xmc4700_relax_kit\main_xmc4700_example.c **** */
  37:C:/Users/Yushev/git/optiga-trust-qi/projects/xmc4700_relax_kit\main_xmc4700_example.c **** //Declarations from DAVE Code Generation (includes SFR declaration)
  38:C:/Users/Yushev/git/optiga-trust-qi/projects/xmc4700_relax_kit\main_xmc4700_example.c **** #include <DAVE.h>
  39:C:/Users/Yushev/git/optiga-trust-qi/projects/xmc4700_relax_kit\main_xmc4700_example.c **** #include "optiga/optiga_crypt.h"
  40:C:/Users/Yushev/git/optiga-trust-qi/projects/xmc4700_relax_kit\main_xmc4700_example.c **** #include "optiga/optiga_util.h"
  41:C:/Users/Yushev/git/optiga-trust-qi/projects/xmc4700_relax_kit\main_xmc4700_example.c **** #include "optiga/common/optiga_lib_logger.h"
  42:C:/Users/Yushev/git/optiga-trust-qi/projects/xmc4700_relax_kit\main_xmc4700_example.c **** #include "optiga/pal/pal_os_event.h"
  43:C:/Users/Yushev/git/optiga-trust-qi/projects/xmc4700_relax_kit\main_xmc4700_example.c **** #include "optiga/pal/pal.h"
  44:C:/Users/Yushev/git/optiga-trust-qi/projects/xmc4700_relax_kit\main_xmc4700_example.c **** #include "optiga/pal/pal_os_timer.h"
  45:C:/Users/Yushev/git/optiga-trust-qi/projects/xmc4700_relax_kit\main_xmc4700_example.c **** #include "optiga_example.h"
  46:C:/Users/Yushev/git/optiga-trust-qi/projects/xmc4700_relax_kit\main_xmc4700_example.c **** #include "optiga/pal/pal_logger.h"
  47:C:/Users/Yushev/git/optiga-trust-qi/projects/xmc4700_relax_kit\main_xmc4700_example.c **** 
  48:C:/Users/Yushev/git/optiga-trust-qi/projects/xmc4700_relax_kit\main_xmc4700_example.c **** extern void optiga_shell_wait_for_user(void);
  49:C:/Users/Yushev/git/optiga-trust-qi/projects/xmc4700_relax_kit\main_xmc4700_example.c **** extern void optiga_shell_begin(void);
  50:C:/Users/Yushev/git/optiga-trust-qi/projects/xmc4700_relax_kit\main_xmc4700_example.c **** 
  51:C:/Users/Yushev/git/optiga-trust-qi/projects/xmc4700_relax_kit\main_xmc4700_example.c **** extern pal_logger_t logger_console;
  52:C:/Users/Yushev/git/optiga-trust-qi/projects/xmc4700_relax_kit\main_xmc4700_example.c **** 
  53:C:/Users/Yushev/git/optiga-trust-qi/projects/xmc4700_relax_kit\main_xmc4700_example.c **** 
  54:C:/Users/Yushev/git/optiga-trust-qi/projects/xmc4700_relax_kit\main_xmc4700_example.c **** /**
  55:C:/Users/Yushev/git/optiga-trust-qi/projects/xmc4700_relax_kit\main_xmc4700_example.c ****  * This function is the entry point of sample.
  56:C:/Users/Yushev/git/optiga-trust-qi/projects/xmc4700_relax_kit\main_xmc4700_example.c ****  *
  57:C:/Users/Yushev/git/optiga-trust-qi/projects/xmc4700_relax_kit\main_xmc4700_example.c ****  * \retval
  58:C:/Users/Yushev/git/optiga-trust-qi/projects/xmc4700_relax_kit\main_xmc4700_example.c ****  *  0 on success
  59:C:/Users/Yushev/git/optiga-trust-qi/projects/xmc4700_relax_kit\main_xmc4700_example.c ****  *  1 on failure
  60:C:/Users/Yushev/git/optiga-trust-qi/projects/xmc4700_relax_kit\main_xmc4700_example.c ****  */
  61:C:/Users/Yushev/git/optiga-trust-qi/projects/xmc4700_relax_kit\main_xmc4700_example.c **** 
  62:C:/Users/Yushev/git/optiga-trust-qi/projects/xmc4700_relax_kit\main_xmc4700_example.c **** int main(void)
  63:C:/Users/Yushev/git/optiga-trust-qi/projects/xmc4700_relax_kit\main_xmc4700_example.c **** {
  28              	 .loc 1 63 0
  29              	 .cfi_startproc
  30              	 
  31              	 
  32              	.LVL0:
  33 0000 08B5     	 push {r3,lr}
  34              	.LCFI0:
  35              	 .cfi_def_cfa_offset 8
  36              	 .cfi_offset 3,-8
  37              	 .cfi_offset 14,-4
  64:C:/Users/Yushev/git/optiga-trust-qi/projects/xmc4700_relax_kit\main_xmc4700_example.c ****     DAVE_STATUS_t status;
  65:C:/Users/Yushev/git/optiga-trust-qi/projects/xmc4700_relax_kit\main_xmc4700_example.c ****     uint8_t return_value = 0;
  66:C:/Users/Yushev/git/optiga-trust-qi/projects/xmc4700_relax_kit\main_xmc4700_example.c **** 
  67:C:/Users/Yushev/git/optiga-trust-qi/projects/xmc4700_relax_kit\main_xmc4700_example.c ****     // Initialization of DAVE Apps
  68:C:/Users/Yushev/git/optiga-trust-qi/projects/xmc4700_relax_kit\main_xmc4700_example.c ****     status = DAVE_Init(); /* Initialization of DAVE APPs  */
  38              	 .loc 1 68 0
  39 0002 FFF7FEFF 	 bl DAVE_Init
  40              	.LVL1:
  69:C:/Users/Yushev/git/optiga-trust-qi/projects/xmc4700_relax_kit\main_xmc4700_example.c ****     if (status == DAVE_STATUS_FAILURE)
  41              	 .loc 1 69 0
  42 0006 0128     	 cmp r0,#1
  43 0008 00D1     	 bne .L2
  44              	.L3:
  70:C:/Users/Yushev/git/optiga-trust-qi/projects/xmc4700_relax_kit\main_xmc4700_example.c ****     {
  71:C:/Users/Yushev/git/optiga-trust-qi/projects/xmc4700_relax_kit\main_xmc4700_example.c ****         /* Placeholder for error handler code. The while loop below can be replaced with an user er
  72:C:/Users/Yushev/git/optiga-trust-qi/projects/xmc4700_relax_kit\main_xmc4700_example.c ****         XMC_DEBUG("DAVE APPs initialization failed\n");
  73:C:/Users/Yushev/git/optiga-trust-qi/projects/xmc4700_relax_kit\main_xmc4700_example.c **** 
  74:C:/Users/Yushev/git/optiga-trust-qi/projects/xmc4700_relax_kit\main_xmc4700_example.c ****         while (1U)
  75:C:/Users/Yushev/git/optiga-trust-qi/projects/xmc4700_relax_kit\main_xmc4700_example.c ****         {
  76:C:/Users/Yushev/git/optiga-trust-qi/projects/xmc4700_relax_kit\main_xmc4700_example.c **** 
  77:C:/Users/Yushev/git/optiga-trust-qi/projects/xmc4700_relax_kit\main_xmc4700_example.c ****         }
  45              	 .loc 1 77 0 discriminator 1
  46 000a FEE7     	 b .L3
  47              	.L2:
  78:C:/Users/Yushev/git/optiga-trust-qi/projects/xmc4700_relax_kit\main_xmc4700_example.c ****     }
  79:C:/Users/Yushev/git/optiga-trust-qi/projects/xmc4700_relax_kit\main_xmc4700_example.c **** 
  80:C:/Users/Yushev/git/optiga-trust-qi/projects/xmc4700_relax_kit\main_xmc4700_example.c ****     do
  81:C:/Users/Yushev/git/optiga-trust-qi/projects/xmc4700_relax_kit\main_xmc4700_example.c ****     {
  82:C:/Users/Yushev/git/optiga-trust-qi/projects/xmc4700_relax_kit\main_xmc4700_example.c ****         if(PAL_STATUS_SUCCESS != pal_logger_init(&logger_console))
  48              	 .loc 1 82 0
  49 000c 0648     	 ldr r0,.L6
  50              	.LVL2:
  51 000e FFF7FEFF 	 bl pal_logger_init
  52              	.LVL3:
  53 0012 30B9     	 cbnz r0,.L4
  83:C:/Users/Yushev/git/optiga-trust-qi/projects/xmc4700_relax_kit\main_xmc4700_example.c ****         {
  84:C:/Users/Yushev/git/optiga-trust-qi/projects/xmc4700_relax_kit\main_xmc4700_example.c ****             break;
  85:C:/Users/Yushev/git/optiga-trust-qi/projects/xmc4700_relax_kit\main_xmc4700_example.c ****         }
  86:C:/Users/Yushev/git/optiga-trust-qi/projects/xmc4700_relax_kit\main_xmc4700_example.c **** 
  87:C:/Users/Yushev/git/optiga-trust-qi/projects/xmc4700_relax_kit\main_xmc4700_example.c ****         pal_os_timer_delay_in_milliseconds(100);
  54              	 .loc 1 87 0
  55 0014 6420     	 movs r0,#100
  56 0016 FFF7FEFF 	 bl pal_os_timer_delay_in_milliseconds
  57              	.LVL4:
  88:C:/Users/Yushev/git/optiga-trust-qi/projects/xmc4700_relax_kit\main_xmc4700_example.c **** 
  89:C:/Users/Yushev/git/optiga-trust-qi/projects/xmc4700_relax_kit\main_xmc4700_example.c ****         optiga_shell_wait_for_user();
  58              	 .loc 1 89 0
  59 001a FFF7FEFF 	 bl optiga_shell_wait_for_user
  60              	.LVL5:
  90:C:/Users/Yushev/git/optiga-trust-qi/projects/xmc4700_relax_kit\main_xmc4700_example.c ****         optiga_shell_begin();
  61              	 .loc 1 90 0
  62 001e FFF7FEFF 	 bl optiga_shell_begin
  63              	.LVL6:
  64              	.L4:
  91:C:/Users/Yushev/git/optiga-trust-qi/projects/xmc4700_relax_kit\main_xmc4700_example.c **** 
  92:C:/Users/Yushev/git/optiga-trust-qi/projects/xmc4700_relax_kit\main_xmc4700_example.c ****     }while (FALSE);
  93:C:/Users/Yushev/git/optiga-trust-qi/projects/xmc4700_relax_kit\main_xmc4700_example.c **** 
  94:C:/Users/Yushev/git/optiga-trust-qi/projects/xmc4700_relax_kit\main_xmc4700_example.c ****     return return_value;
  95:C:/Users/Yushev/git/optiga-trust-qi/projects/xmc4700_relax_kit\main_xmc4700_example.c **** }
  65              	 .loc 1 95 0
  66 0022 0020     	 movs r0,#0
  67 0024 08BD     	 pop {r3,pc}
  68              	.L7:
  69 0026 00BF     	 .align 2
  70              	.L6:
  71 0028 00000000 	 .word logger_console
  72              	 .cfi_endproc
  73              	.LFE387:
  75              	 .text
  76              	.Letext0:
  77              	 .file 2 "c:\\users\\yushev\\dave_4-4-2_32bit_2018-02-23\\dave-ide-4.4.2-32bit\\eclipse\\arm-gcc-49\\arm-none-eabi\\include\\machine\\_default_types.h"
  78              	 .file 3 "c:\\users\\yushev\\dave_4-4-2_32bit_2018-02-23\\dave-ide-4.4.2-32bit\\eclipse\\arm-gcc-49\\arm-none-eabi\\include\\stdint.h"
  79              	 .file 4 "C:/Users/Yushev/git/optiga-trust-qi/projects/xmc4700_relax_kit/common/Libraries/CMSIS/Infineon/XMC4700_series/Include/XMC4700.h"
  80              	 .file 5 "C:/Users/Yushev/git/optiga-trust-qi/projects/xmc4700_relax_kit/common/Libraries/XMCLib/inc/xmc_usbd_regs.h"
  81              	 .file 6 "C:/Users/Yushev/git/optiga-trust-qi/projects/xmc4700_relax_kit/common/Libraries/XMCLib/inc/xmc_usbd.h"
  82              	 .file 7 "C:/Users/Yushev/git/optiga-trust-qi/projects/xmc4700_relax_kit/common/Dave/Generated/USBD/usbd.h"
  83              	 .file 8 "C:/Users/Yushev/git/optiga-trust-qi/projects/xmc4700_relax_kit/common/Dave/Generated/DAVE.h"
  84              	 .file 9 "C:/Users/Yushev/git/optiga-trust-qi/optiga/include/optiga/pal/pal.h"
  85              	 .file 10 "C:/Users/Yushev/git/optiga-trust-qi/optiga/include/optiga/pal/pal_logger.h"
  86              	 .file 11 "C:/Users/Yushev/git/optiga-trust-qi/projects/xmc4700_relax_kit/common/Libraries/CMSIS/Include/core_cm4.h"
  87              	 .file 12 "C:/Users/Yushev/git/optiga-trust-qi/projects/xmc4700_relax_kit/common/Libraries/CMSIS/Infineon/XMC4700_series/Include/system_XMC4700.h"
  88              	 .file 13 "C:/Users/Yushev/git/optiga-trust-qi/projects/xmc4700_relax_kit/common/Dave/Generated/USBD/usbd_extern.h"
  89              	 .file 14 "C:/Users/Yushev/git/optiga-trust-qi/optiga/include/optiga/pal/pal_os_timer.h"
DEFINED SYMBOLS
                            *ABS*:00000000 main_xmc4700_example.c
    {standard input}:20     .text.startup.main:00000000 $t
    {standard input}:25     .text.startup.main:00000000 main
    {standard input}:71     .text.startup.main:00000028 $d
                     .debug_frame:00000010 $d

UNDEFINED SYMBOLS
DAVE_Init
pal_logger_init
pal_os_timer_delay_in_milliseconds
optiga_shell_wait_for_user
optiga_shell_begin
logger_console
