   1              	 .syntax unified
   2              	 .cpu cortex-m4
   3              	 .eabi_attribute 27,3
   4              	 .fpu fpv4-sp-d16
   5              	 .eabi_attribute 20,1
   6              	 .eabi_attribute 21,1
   7              	 .eabi_attribute 23,3
   8              	 .eabi_attribute 24,1
   9              	 .eabi_attribute 25,1
  10              	 .eabi_attribute 26,1
  11              	 .eabi_attribute 30,4
  12              	 .eabi_attribute 34,1
  13              	 .eabi_attribute 18,4
  14              	 .thumb
  15              	 .file "pal_os_memory.c"
  16              	 .text
  17              	.Ltext0:
  18              	 .cfi_sections .debug_frame
  19              	 .section .text.pal_os_malloc,"ax",%progbits
  20              	 .align 1
  21              	 .global pal_os_malloc
  22              	 .thumb
  23              	 .thumb_func
  25              	pal_os_malloc:
  26              	.LFB387:
  27              	 .file 1 "C:/Users/Yushev/git/optiga-trust-qi/pal/xmc4700/pal_os_memory.c"
   1:C:/Users/Yushev/git/optiga-trust-qi/pal/xmc4700\pal_os_memory.c **** /**
   2:C:/Users/Yushev/git/optiga-trust-qi/pal/xmc4700\pal_os_memory.c **** * \copyright
   3:C:/Users/Yushev/git/optiga-trust-qi/pal/xmc4700\pal_os_memory.c **** * MIT License
   4:C:/Users/Yushev/git/optiga-trust-qi/pal/xmc4700\pal_os_memory.c **** *
   5:C:/Users/Yushev/git/optiga-trust-qi/pal/xmc4700\pal_os_memory.c **** * Copyright (c) 2020 Infineon Technologies AG
   6:C:/Users/Yushev/git/optiga-trust-qi/pal/xmc4700\pal_os_memory.c **** *
   7:C:/Users/Yushev/git/optiga-trust-qi/pal/xmc4700\pal_os_memory.c **** * Permission is hereby granted, free of charge, to any person obtaining a copy
   8:C:/Users/Yushev/git/optiga-trust-qi/pal/xmc4700\pal_os_memory.c **** * of this software and associated documentation files (the "Software"), to deal
   9:C:/Users/Yushev/git/optiga-trust-qi/pal/xmc4700\pal_os_memory.c **** * in the Software without restriction, including without limitation the rights
  10:C:/Users/Yushev/git/optiga-trust-qi/pal/xmc4700\pal_os_memory.c **** * to use, copy, modify, merge, publish, distribute, sublicense, and/or sell
  11:C:/Users/Yushev/git/optiga-trust-qi/pal/xmc4700\pal_os_memory.c **** * copies of the Software, and to permit persons to whom the Software is
  12:C:/Users/Yushev/git/optiga-trust-qi/pal/xmc4700\pal_os_memory.c **** * furnished to do so, subject to the following conditions:
  13:C:/Users/Yushev/git/optiga-trust-qi/pal/xmc4700\pal_os_memory.c **** *
  14:C:/Users/Yushev/git/optiga-trust-qi/pal/xmc4700\pal_os_memory.c **** * The above copyright notice and this permission notice shall be included in all
  15:C:/Users/Yushev/git/optiga-trust-qi/pal/xmc4700\pal_os_memory.c **** * copies or substantial portions of the Software.
  16:C:/Users/Yushev/git/optiga-trust-qi/pal/xmc4700\pal_os_memory.c **** *
  17:C:/Users/Yushev/git/optiga-trust-qi/pal/xmc4700\pal_os_memory.c **** * THE SOFTWARE IS PROVIDED "AS IS", WITHOUT WARRANTY OF ANY KIND, EXPRESS OR
  18:C:/Users/Yushev/git/optiga-trust-qi/pal/xmc4700\pal_os_memory.c **** * IMPLIED, INCLUDING BUT NOT LIMITED TO THE WARRANTIES OF MERCHANTABILITY,
  19:C:/Users/Yushev/git/optiga-trust-qi/pal/xmc4700\pal_os_memory.c **** * FITNESS FOR A PARTICULAR PURPOSE AND NONINFRINGEMENT. IN NO EVENT SHALL THE
  20:C:/Users/Yushev/git/optiga-trust-qi/pal/xmc4700\pal_os_memory.c **** * AUTHORS OR COPYRIGHT HOLDERS BE LIABLE FOR ANY CLAIM, DAMAGES OR OTHER
  21:C:/Users/Yushev/git/optiga-trust-qi/pal/xmc4700\pal_os_memory.c **** * LIABILITY, WHETHER IN AN ACTION OF CONTRACT, TORT OR OTHERWISE, ARISING FROM,
  22:C:/Users/Yushev/git/optiga-trust-qi/pal/xmc4700\pal_os_memory.c **** * OUT OF OR IN CONNECTION WITH THE SOFTWARE OR THE USE OR OTHER DEALINGS IN THE
  23:C:/Users/Yushev/git/optiga-trust-qi/pal/xmc4700\pal_os_memory.c **** * SOFTWARE
  24:C:/Users/Yushev/git/optiga-trust-qi/pal/xmc4700\pal_os_memory.c **** *
  25:C:/Users/Yushev/git/optiga-trust-qi/pal/xmc4700\pal_os_memory.c **** * \endcopyright
  26:C:/Users/Yushev/git/optiga-trust-qi/pal/xmc4700\pal_os_memory.c **** *
  27:C:/Users/Yushev/git/optiga-trust-qi/pal/xmc4700\pal_os_memory.c **** * \author Infineon Technologies AG
  28:C:/Users/Yushev/git/optiga-trust-qi/pal/xmc4700\pal_os_memory.c **** *
  29:C:/Users/Yushev/git/optiga-trust-qi/pal/xmc4700\pal_os_memory.c **** * \file pal_gpio.c
  30:C:/Users/Yushev/git/optiga-trust-qi/pal/xmc4700\pal_os_memory.c **** *
  31:C:/Users/Yushev/git/optiga-trust-qi/pal/xmc4700\pal_os_memory.c **** * \brief   This file implements the platform abstraction layer APIs for GPIO.
  32:C:/Users/Yushev/git/optiga-trust-qi/pal/xmc4700\pal_os_memory.c **** *
  33:C:/Users/Yushev/git/optiga-trust-qi/pal/xmc4700\pal_os_memory.c **** * \ingroup  grPAL
  34:C:/Users/Yushev/git/optiga-trust-qi/pal/xmc4700\pal_os_memory.c **** *
  35:C:/Users/Yushev/git/optiga-trust-qi/pal/xmc4700\pal_os_memory.c **** * @{
  36:C:/Users/Yushev/git/optiga-trust-qi/pal/xmc4700\pal_os_memory.c **** */
  37:C:/Users/Yushev/git/optiga-trust-qi/pal/xmc4700\pal_os_memory.c **** 
  38:C:/Users/Yushev/git/optiga-trust-qi/pal/xmc4700\pal_os_memory.c **** #include <DAVE.h>
  39:C:/Users/Yushev/git/optiga-trust-qi/pal/xmc4700\pal_os_memory.c **** #include "optiga/pal/pal_os_memory.h"
  40:C:/Users/Yushev/git/optiga-trust-qi/pal/xmc4700\pal_os_memory.c **** 
  41:C:/Users/Yushev/git/optiga-trust-qi/pal/xmc4700\pal_os_memory.c **** void * pal_os_malloc(uint32_t block_size)
  42:C:/Users/Yushev/git/optiga-trust-qi/pal/xmc4700\pal_os_memory.c **** {
  28              	 .loc 1 42 0
  29              	 .cfi_startproc
  30              	 
  31              	 
  32              	 
  33              	.LVL0:
  43:C:/Users/Yushev/git/optiga-trust-qi/pal/xmc4700\pal_os_memory.c ****     return (malloc(block_size));
  34              	 .loc 1 43 0
  35 0000 FFF7FEBF 	 b malloc
  36              	.LVL1:
  37              	 .cfi_endproc
  38              	.LFE387:
  40              	 .section .text.pal_os_calloc,"ax",%progbits
  41              	 .align 1
  42              	 .global pal_os_calloc
  43              	 .thumb
  44              	 .thumb_func
  46              	pal_os_calloc:
  47              	.LFB388:
  44:C:/Users/Yushev/git/optiga-trust-qi/pal/xmc4700\pal_os_memory.c **** }
  45:C:/Users/Yushev/git/optiga-trust-qi/pal/xmc4700\pal_os_memory.c **** 
  46:C:/Users/Yushev/git/optiga-trust-qi/pal/xmc4700\pal_os_memory.c **** void * pal_os_calloc(uint32_t number_of_blocks , uint32_t block_size)
  47:C:/Users/Yushev/git/optiga-trust-qi/pal/xmc4700\pal_os_memory.c **** {
  48              	 .loc 1 47 0
  49              	 .cfi_startproc
  50              	 
  51              	 
  52              	 
  53              	.LVL2:
  48:C:/Users/Yushev/git/optiga-trust-qi/pal/xmc4700\pal_os_memory.c ****     return (calloc(number_of_blocks, block_size));
  54              	 .loc 1 48 0
  55 0000 FFF7FEBF 	 b calloc
  56              	.LVL3:
  57              	 .cfi_endproc
  58              	.LFE388:
  60              	 .section .text.pal_os_free,"ax",%progbits
  61              	 .align 1
  62              	 .global pal_os_free
  63              	 .thumb
  64              	 .thumb_func
  66              	pal_os_free:
  67              	.LFB389:
  49:C:/Users/Yushev/git/optiga-trust-qi/pal/xmc4700\pal_os_memory.c **** }
  50:C:/Users/Yushev/git/optiga-trust-qi/pal/xmc4700\pal_os_memory.c **** 
  51:C:/Users/Yushev/git/optiga-trust-qi/pal/xmc4700\pal_os_memory.c **** void pal_os_free(void * p_block)
  52:C:/Users/Yushev/git/optiga-trust-qi/pal/xmc4700\pal_os_memory.c **** {
  68              	 .loc 1 52 0
  69              	 .cfi_startproc
  70              	 
  71              	 
  72              	 
  73              	.LVL4:
  53:C:/Users/Yushev/git/optiga-trust-qi/pal/xmc4700\pal_os_memory.c ****     free(p_block);
  74              	 .loc 1 53 0
  75 0000 FFF7FEBF 	 b free
  76              	.LVL5:
  77              	 .cfi_endproc
  78              	.LFE389:
  80              	 .section .text.pal_os_memcpy,"ax",%progbits
  81              	 .align 1
  82              	 .global pal_os_memcpy
  83              	 .thumb
  84              	 .thumb_func
  86              	pal_os_memcpy:
  87              	.LFB390:
  54:C:/Users/Yushev/git/optiga-trust-qi/pal/xmc4700\pal_os_memory.c **** }
  55:C:/Users/Yushev/git/optiga-trust-qi/pal/xmc4700\pal_os_memory.c **** 
  56:C:/Users/Yushev/git/optiga-trust-qi/pal/xmc4700\pal_os_memory.c **** void pal_os_memcpy(void * p_destination, const void * p_source, uint32_t size)
  57:C:/Users/Yushev/git/optiga-trust-qi/pal/xmc4700\pal_os_memory.c **** {
  88              	 .loc 1 57 0
  89              	 .cfi_startproc
  90              	 
  91              	 
  92              	 
  93              	.LVL6:
  58:C:/Users/Yushev/git/optiga-trust-qi/pal/xmc4700\pal_os_memory.c ****     memcpy(p_destination, p_source, size);
  94              	 .loc 1 58 0
  95 0000 FFF7FEBF 	 b memcpy
  96              	.LVL7:
  97              	 .cfi_endproc
  98              	.LFE390:
 100              	 .section .text.pal_os_memset,"ax",%progbits
 101              	 .align 1
 102              	 .global pal_os_memset
 103              	 .thumb
 104              	 .thumb_func
 106              	pal_os_memset:
 107              	.LFB391:
  59:C:/Users/Yushev/git/optiga-trust-qi/pal/xmc4700\pal_os_memory.c **** }
  60:C:/Users/Yushev/git/optiga-trust-qi/pal/xmc4700\pal_os_memory.c **** 
  61:C:/Users/Yushev/git/optiga-trust-qi/pal/xmc4700\pal_os_memory.c **** void pal_os_memset(void * p_buffer, uint32_t value, uint32_t size)
  62:C:/Users/Yushev/git/optiga-trust-qi/pal/xmc4700\pal_os_memory.c **** {
 108              	 .loc 1 62 0
 109              	 .cfi_startproc
 110              	 
 111              	 
 112              	 
 113              	.LVL8:
  63:C:/Users/Yushev/git/optiga-trust-qi/pal/xmc4700\pal_os_memory.c ****     memset(p_buffer, (int32_t)value, size);
 114              	 .loc 1 63 0
 115 0000 FFF7FEBF 	 b memset
 116              	.LVL9:
 117              	 .cfi_endproc
 118              	.LFE391:
 120              	 .text
 121              	.Letext0:
 122              	 .file 2 "c:\\users\\yushev\\dave_4-4-2_32bit_2018-02-23\\dave-ide-4.4.2-32bit\\eclipse\\arm-gcc-49\\lib\\gcc\\arm-none-eabi\\4.9.3\\include\\stddef.h"
 123              	 .file 3 "c:\\users\\yushev\\dave_4-4-2_32bit_2018-02-23\\dave-ide-4.4.2-32bit\\eclipse\\arm-gcc-49\\arm-none-eabi\\include\\machine\\_default_types.h"
 124              	 .file 4 "c:\\users\\yushev\\dave_4-4-2_32bit_2018-02-23\\dave-ide-4.4.2-32bit\\eclipse\\arm-gcc-49\\arm-none-eabi\\include\\stdint.h"
 125              	 .file 5 "C:/Users/Yushev/git/optiga-trust-qi/projects/xmc4700_relax_kit/common/Libraries/CMSIS/Infineon/XMC4700_series/Include/XMC4700.h"
 126              	 .file 6 "C:/Users/Yushev/git/optiga-trust-qi/projects/xmc4700_relax_kit/common/Libraries/XMCLib/inc/xmc_usbd_regs.h"
 127              	 .file 7 "C:/Users/Yushev/git/optiga-trust-qi/projects/xmc4700_relax_kit/common/Libraries/XMCLib/inc/xmc_usbd.h"
 128              	 .file 8 "C:/Users/Yushev/git/optiga-trust-qi/projects/xmc4700_relax_kit/common/Dave/Generated/USBD/usbd.h"
 129              	 .file 9 "C:/Users/Yushev/git/optiga-trust-qi/projects/xmc4700_relax_kit/common/Libraries/CMSIS/Include/core_cm4.h"
 130              	 .file 10 "C:/Users/Yushev/git/optiga-trust-qi/projects/xmc4700_relax_kit/common/Libraries/CMSIS/Infineon/XMC4700_series/Include/system_XMC4700.h"
 131              	 .file 11 "C:/Users/Yushev/git/optiga-trust-qi/projects/xmc4700_relax_kit/common/Dave/Generated/USBD/usbd_extern.h"
 132              	 .file 12 "c:\\users\\yushev\\dave_4-4-2_32bit_2018-02-23\\dave-ide-4.4.2-32bit\\eclipse\\arm-gcc-49\\arm-none-eabi\\include\\stdlib.h"
 133              	 .file 13 "c:\\users\\yushev\\dave_4-4-2_32bit_2018-02-23\\dave-ide-4.4.2-32bit\\eclipse\\arm-gcc-49\\arm-none-eabi\\include\\string.h"
DEFINED SYMBOLS
                            *ABS*:00000000 pal_os_memory.c
    {standard input}:20     .text.pal_os_malloc:00000000 $t
    {standard input}:25     .text.pal_os_malloc:00000000 pal_os_malloc
    {standard input}:41     .text.pal_os_calloc:00000000 $t
    {standard input}:46     .text.pal_os_calloc:00000000 pal_os_calloc
    {standard input}:61     .text.pal_os_free:00000000 $t
    {standard input}:66     .text.pal_os_free:00000000 pal_os_free
    {standard input}:81     .text.pal_os_memcpy:00000000 $t
    {standard input}:86     .text.pal_os_memcpy:00000000 pal_os_memcpy
    {standard input}:101    .text.pal_os_memset:00000000 $t
    {standard input}:106    .text.pal_os_memset:00000000 pal_os_memset
                     .debug_frame:00000010 $d

UNDEFINED SYMBOLS
malloc
calloc
free
memcpy
memset
