   1              	 .syntax unified
   2              	 .cpu cortex-m4
   3              	 .eabi_attribute 27,3
   4              	 .fpu fpv4-sp-d16
   5              	 .eabi_attribute 20,1
   6              	 .eabi_attribute 21,1
   7              	 .eabi_attribute 23,3
   8              	 .eabi_attribute 24,1
   9              	 .eabi_attribute 25,1
  10              	 .eabi_attribute 26,1
  11              	 .eabi_attribute 30,4
  12              	 .eabi_attribute 34,1
  13              	 .eabi_attribute 18,4
  14              	 .thumb
  15              	 .file "pal_os_timer.c"
  16              	 .text
  17              	.Ltext0:
  18              	 .cfi_sections .debug_frame
  19              	 .section .text.CCU41_1_IRQHandler,"ax",%progbits
  20              	 .align 1
  21              	 .global CCU41_1_IRQHandler
  22              	 .thumb
  23              	 .thumb_func
  25              	CCU41_1_IRQHandler:
  26              	.LFB387:
  27              	 .file 1 "C:/Users/Yushev/git/optiga-trust-qi/pal/xmc4700/pal_os_timer.c"
   1:C:/Users/Yushev/git/optiga-trust-qi/pal/xmc4700\pal_os_timer.c **** /**
   2:C:/Users/Yushev/git/optiga-trust-qi/pal/xmc4700\pal_os_timer.c **** * \copyright
   3:C:/Users/Yushev/git/optiga-trust-qi/pal/xmc4700\pal_os_timer.c **** * MIT License
   4:C:/Users/Yushev/git/optiga-trust-qi/pal/xmc4700\pal_os_timer.c **** *
   5:C:/Users/Yushev/git/optiga-trust-qi/pal/xmc4700\pal_os_timer.c **** * Copyright (c) 2020 Infineon Technologies AG
   6:C:/Users/Yushev/git/optiga-trust-qi/pal/xmc4700\pal_os_timer.c **** *
   7:C:/Users/Yushev/git/optiga-trust-qi/pal/xmc4700\pal_os_timer.c **** * Permission is hereby granted, free of charge, to any person obtaining a copy
   8:C:/Users/Yushev/git/optiga-trust-qi/pal/xmc4700\pal_os_timer.c **** * of this software and associated documentation files (the "Software"), to deal
   9:C:/Users/Yushev/git/optiga-trust-qi/pal/xmc4700\pal_os_timer.c **** * in the Software without restriction, including without limitation the rights
  10:C:/Users/Yushev/git/optiga-trust-qi/pal/xmc4700\pal_os_timer.c **** * to use, copy, modify, merge, publish, distribute, sublicense, and/or sell
  11:C:/Users/Yushev/git/optiga-trust-qi/pal/xmc4700\pal_os_timer.c **** * copies of the Software, and to permit persons to whom the Software is
  12:C:/Users/Yushev/git/optiga-trust-qi/pal/xmc4700\pal_os_timer.c **** * furnished to do so, subject to the following conditions:
  13:C:/Users/Yushev/git/optiga-trust-qi/pal/xmc4700\pal_os_timer.c **** *
  14:C:/Users/Yushev/git/optiga-trust-qi/pal/xmc4700\pal_os_timer.c **** * The above copyright notice and this permission notice shall be included in all
  15:C:/Users/Yushev/git/optiga-trust-qi/pal/xmc4700\pal_os_timer.c **** * copies or substantial portions of the Software.
  16:C:/Users/Yushev/git/optiga-trust-qi/pal/xmc4700\pal_os_timer.c **** *
  17:C:/Users/Yushev/git/optiga-trust-qi/pal/xmc4700\pal_os_timer.c **** * THE SOFTWARE IS PROVIDED "AS IS", WITHOUT WARRANTY OF ANY KIND, EXPRESS OR
  18:C:/Users/Yushev/git/optiga-trust-qi/pal/xmc4700\pal_os_timer.c **** * IMPLIED, INCLUDING BUT NOT LIMITED TO THE WARRANTIES OF MERCHANTABILITY,
  19:C:/Users/Yushev/git/optiga-trust-qi/pal/xmc4700\pal_os_timer.c **** * FITNESS FOR A PARTICULAR PURPOSE AND NONINFRINGEMENT. IN NO EVENT SHALL THE
  20:C:/Users/Yushev/git/optiga-trust-qi/pal/xmc4700\pal_os_timer.c **** * AUTHORS OR COPYRIGHT HOLDERS BE LIABLE FOR ANY CLAIM, DAMAGES OR OTHER
  21:C:/Users/Yushev/git/optiga-trust-qi/pal/xmc4700\pal_os_timer.c **** * LIABILITY, WHETHER IN AN ACTION OF CONTRACT, TORT OR OTHERWISE, ARISING FROM,
  22:C:/Users/Yushev/git/optiga-trust-qi/pal/xmc4700\pal_os_timer.c **** * OUT OF OR IN CONNECTION WITH THE SOFTWARE OR THE USE OR OTHER DEALINGS IN THE
  23:C:/Users/Yushev/git/optiga-trust-qi/pal/xmc4700\pal_os_timer.c **** * SOFTWARE
  24:C:/Users/Yushev/git/optiga-trust-qi/pal/xmc4700\pal_os_timer.c **** *
  25:C:/Users/Yushev/git/optiga-trust-qi/pal/xmc4700\pal_os_timer.c **** * \endcopyright
  26:C:/Users/Yushev/git/optiga-trust-qi/pal/xmc4700\pal_os_timer.c **** *
  27:C:/Users/Yushev/git/optiga-trust-qi/pal/xmc4700\pal_os_timer.c **** * \author Infineon Technologies AG
  28:C:/Users/Yushev/git/optiga-trust-qi/pal/xmc4700\pal_os_timer.c **** *
  29:C:/Users/Yushev/git/optiga-trust-qi/pal/xmc4700\pal_os_timer.c **** * \file pal_os_timer.c
  30:C:/Users/Yushev/git/optiga-trust-qi/pal/xmc4700\pal_os_timer.c **** *
  31:C:/Users/Yushev/git/optiga-trust-qi/pal/xmc4700\pal_os_timer.c **** * \brief   This file implements the platform abstraction layer APIs for timer.
  32:C:/Users/Yushev/git/optiga-trust-qi/pal/xmc4700\pal_os_timer.c **** *
  33:C:/Users/Yushev/git/optiga-trust-qi/pal/xmc4700\pal_os_timer.c **** * \ingroup  grPAL
  34:C:/Users/Yushev/git/optiga-trust-qi/pal/xmc4700\pal_os_timer.c **** *
  35:C:/Users/Yushev/git/optiga-trust-qi/pal/xmc4700\pal_os_timer.c **** * @{
  36:C:/Users/Yushev/git/optiga-trust-qi/pal/xmc4700\pal_os_timer.c **** */
  37:C:/Users/Yushev/git/optiga-trust-qi/pal/xmc4700\pal_os_timer.c **** 
  38:C:/Users/Yushev/git/optiga-trust-qi/pal/xmc4700\pal_os_timer.c **** #include <DAVE.h>
  39:C:/Users/Yushev/git/optiga-trust-qi/pal/xmc4700\pal_os_timer.c **** #include "optiga/pal/pal_os_timer.h"
  40:C:/Users/Yushev/git/optiga-trust-qi/pal/xmc4700\pal_os_timer.c **** 
  41:C:/Users/Yushev/git/optiga-trust-qi/pal/xmc4700\pal_os_timer.c **** /// @cond hidden
  42:C:/Users/Yushev/git/optiga-trust-qi/pal/xmc4700\pal_os_timer.c **** static volatile uint32_t g_tick_count = 0;
  43:C:/Users/Yushev/git/optiga-trust-qi/pal/xmc4700\pal_os_timer.c **** 
  44:C:/Users/Yushev/git/optiga-trust-qi/pal/xmc4700\pal_os_timer.c **** void delay_timer_isr(void)
  45:C:/Users/Yushev/git/optiga-trust-qi/pal/xmc4700\pal_os_timer.c **** {
  28              	 .loc 1 45 0
  29              	 .cfi_startproc
  30              	 
  31              	 
  32 0000 10B5     	 push {r4,lr}
  33              	.LCFI0:
  34              	 .cfi_def_cfa_offset 8
  35              	 .cfi_offset 4,-8
  36              	 .cfi_offset 14,-4
  46:C:/Users/Yushev/git/optiga-trust-qi/pal/xmc4700\pal_os_timer.c ****     TIMER_ClearEvent(&tick_timer);
  37              	 .loc 1 46 0
  38 0002 064C     	 ldr r4,.L2
  39 0004 2046     	 mov r0,r4
  40 0006 FFF7FEFF 	 bl TIMER_ClearEvent
  41              	.LVL0:
  47:C:/Users/Yushev/git/optiga-trust-qi/pal/xmc4700\pal_os_timer.c ****     (void)TIMER_Clear(&tick_timer);
  42              	 .loc 1 47 0
  43 000a 2046     	 mov r0,r4
  44 000c FFF7FEFF 	 bl TIMER_Clear
  45              	.LVL1:
  48:C:/Users/Yushev/git/optiga-trust-qi/pal/xmc4700\pal_os_timer.c ****     g_tick_count += 1U;
  46              	 .loc 1 48 0
  47 0010 034A     	 ldr r2,.L2+4
  48 0012 1368     	 ldr r3,[r2]
  49 0014 0133     	 adds r3,r3,#1
  50 0016 1360     	 str r3,[r2]
  51 0018 10BD     	 pop {r4,pc}
  52              	.L3:
  53 001a 00BF     	 .align 2
  54              	.L2:
  55 001c 00000000 	 .word tick_timer
  56 0020 00000000 	 .word .LANCHOR0
  57              	 .cfi_endproc
  58              	.LFE387:
  60              	 .section .text.pal_os_timer_get_time_in_microseconds,"ax",%progbits
  61              	 .align 1
  62              	 .global pal_os_timer_get_time_in_microseconds
  63              	 .thumb
  64              	 .thumb_func
  66              	pal_os_timer_get_time_in_microseconds:
  67              	.LFB388:
  49:C:/Users/Yushev/git/optiga-trust-qi/pal/xmc4700\pal_os_timer.c **** }
  50:C:/Users/Yushev/git/optiga-trust-qi/pal/xmc4700\pal_os_timer.c **** 
  51:C:/Users/Yushev/git/optiga-trust-qi/pal/xmc4700\pal_os_timer.c **** /// @endcond
  52:C:/Users/Yushev/git/optiga-trust-qi/pal/xmc4700\pal_os_timer.c **** 
  53:C:/Users/Yushev/git/optiga-trust-qi/pal/xmc4700\pal_os_timer.c **** 
  54:C:/Users/Yushev/git/optiga-trust-qi/pal/xmc4700\pal_os_timer.c **** uint32_t pal_os_timer_get_time_in_microseconds(void)
  55:C:/Users/Yushev/git/optiga-trust-qi/pal/xmc4700\pal_os_timer.c **** {
  68              	 .loc 1 55 0
  69              	 .cfi_startproc
  70              	 
  71              	 
  72              	 
  56:C:/Users/Yushev/git/optiga-trust-qi/pal/xmc4700\pal_os_timer.c ****     // !!!OPTIGA_LIB_PORTING_REQUIRED
  57:C:/Users/Yushev/git/optiga-trust-qi/pal/xmc4700\pal_os_timer.c ****     // This API is needed to support optiga cmd scheduler. 
  58:C:/Users/Yushev/git/optiga-trust-qi/pal/xmc4700\pal_os_timer.c ****     static uint32_t count = 0;
  59:C:/Users/Yushev/git/optiga-trust-qi/pal/xmc4700\pal_os_timer.c ****     // The implementation must ensure that every invocation of this API returns a unique value.
  60:C:/Users/Yushev/git/optiga-trust-qi/pal/xmc4700\pal_os_timer.c ****     return (count++);
  73              	 .loc 1 60 0
  74 0000 024B     	 ldr r3,.L5
  75 0002 1868     	 ldr r0,[r3]
  76 0004 421C     	 adds r2,r0,#1
  77 0006 1A60     	 str r2,[r3]
  61:C:/Users/Yushev/git/optiga-trust-qi/pal/xmc4700\pal_os_timer.c **** }
  78              	 .loc 1 61 0
  79 0008 7047     	 bx lr
  80              	.L6:
  81 000a 00BF     	 .align 2
  82              	.L5:
  83 000c 00000000 	 .word .LANCHOR1
  84              	 .cfi_endproc
  85              	.LFE388:
  87              	 .section .text.pal_os_timer_get_time_in_milliseconds,"ax",%progbits
  88              	 .align 1
  89              	 .global pal_os_timer_get_time_in_milliseconds
  90              	 .thumb
  91              	 .thumb_func
  93              	pal_os_timer_get_time_in_milliseconds:
  94              	.LFB389:
  62:C:/Users/Yushev/git/optiga-trust-qi/pal/xmc4700\pal_os_timer.c **** 
  63:C:/Users/Yushev/git/optiga-trust-qi/pal/xmc4700\pal_os_timer.c **** uint32_t pal_os_timer_get_time_in_milliseconds(void)
  64:C:/Users/Yushev/git/optiga-trust-qi/pal/xmc4700\pal_os_timer.c **** {
  95              	 .loc 1 64 0
  96              	 .cfi_startproc
  97              	 
  98              	 
  99              	 
  65:C:/Users/Yushev/git/optiga-trust-qi/pal/xmc4700\pal_os_timer.c ****     return (g_tick_count);
 100              	 .loc 1 65 0
 101 0000 014B     	 ldr r3,.L8
 102 0002 1868     	 ldr r0,[r3]
  66:C:/Users/Yushev/git/optiga-trust-qi/pal/xmc4700\pal_os_timer.c **** }
 103              	 .loc 1 66 0
 104 0004 7047     	 bx lr
 105              	.L9:
 106 0006 00BF     	 .align 2
 107              	.L8:
 108 0008 00000000 	 .word .LANCHOR0
 109              	 .cfi_endproc
 110              	.LFE389:
 112              	 .section .text.pal_os_timer_delay_in_milliseconds,"ax",%progbits
 113              	 .align 1
 114              	 .global pal_os_timer_delay_in_milliseconds
 115              	 .thumb
 116              	 .thumb_func
 118              	pal_os_timer_delay_in_milliseconds:
 119              	.LFB390:
  67:C:/Users/Yushev/git/optiga-trust-qi/pal/xmc4700\pal_os_timer.c **** 
  68:C:/Users/Yushev/git/optiga-trust-qi/pal/xmc4700\pal_os_timer.c **** void pal_os_timer_delay_in_milliseconds(uint16_t milliseconds)
  69:C:/Users/Yushev/git/optiga-trust-qi/pal/xmc4700\pal_os_timer.c **** {
 120              	 .loc 1 69 0
 121              	 .cfi_startproc
 122              	 
 123              	 
 124              	 
 125              	.LVL2:
 126              	.LBB6:
 127              	.LBB7:
  65:C:/Users/Yushev/git/optiga-trust-qi/pal/xmc4700\pal_os_timer.c **** }
 128              	 .loc 1 65 0
 129 0000 044A     	 ldr r2,.L15
 130 0002 1168     	 ldr r1,[r2]
 131              	.LVL3:
 132              	.LBE7:
 133              	.LBE6:
  70:C:/Users/Yushev/git/optiga-trust-qi/pal/xmc4700\pal_os_timer.c ****     uint32_t start_time;
  71:C:/Users/Yushev/git/optiga-trust-qi/pal/xmc4700\pal_os_timer.c ****     uint32_t current_time;
  72:C:/Users/Yushev/git/optiga-trust-qi/pal/xmc4700\pal_os_timer.c ****     uint32_t time_stamp_diff;
  73:C:/Users/Yushev/git/optiga-trust-qi/pal/xmc4700\pal_os_timer.c **** 
  74:C:/Users/Yushev/git/optiga-trust-qi/pal/xmc4700\pal_os_timer.c ****     start_time = pal_os_timer_get_time_in_milliseconds();
  75:C:/Users/Yushev/git/optiga-trust-qi/pal/xmc4700\pal_os_timer.c ****     current_time = start_time;
  76:C:/Users/Yushev/git/optiga-trust-qi/pal/xmc4700\pal_os_timer.c ****     time_stamp_diff = current_time - start_time;
 134              	 .loc 1 76 0
 135 0004 0023     	 movs r3,#0
 136              	.LVL4:
 137              	.L11:
  77:C:/Users/Yushev/git/optiga-trust-qi/pal/xmc4700\pal_os_timer.c ****     while (time_stamp_diff <= (uint32_t)milliseconds)
 138              	 .loc 1 77 0
 139 0006 8342     	 cmp r3,r0
 140 0008 02D8     	 bhi .L14
 141              	.LBB8:
 142              	.LBB9:
  65:C:/Users/Yushev/git/optiga-trust-qi/pal/xmc4700\pal_os_timer.c **** }
 143              	 .loc 1 65 0
 144 000a 1368     	 ldr r3,[r2]
 145              	.LVL5:
 146              	.LBE9:
 147              	.LBE8:
  78:C:/Users/Yushev/git/optiga-trust-qi/pal/xmc4700\pal_os_timer.c ****     {
  79:C:/Users/Yushev/git/optiga-trust-qi/pal/xmc4700\pal_os_timer.c ****         current_time = pal_os_timer_get_time_in_milliseconds();
  80:C:/Users/Yushev/git/optiga-trust-qi/pal/xmc4700\pal_os_timer.c ****         time_stamp_diff = current_time - start_time;
 148              	 .loc 1 80 0
 149 000c 5B1A     	 subs r3,r3,r1
 150              	.LVL6:
 151 000e FAE7     	 b .L11
 152              	.LVL7:
 153              	.L14:
  81:C:/Users/Yushev/git/optiga-trust-qi/pal/xmc4700\pal_os_timer.c ****         if (start_time > current_time)
  82:C:/Users/Yushev/git/optiga-trust-qi/pal/xmc4700\pal_os_timer.c ****         {
  83:C:/Users/Yushev/git/optiga-trust-qi/pal/xmc4700\pal_os_timer.c ****             time_stamp_diff = (0xFFFFFFFF + (current_time - start_time)) + 0x01;
  84:C:/Users/Yushev/git/optiga-trust-qi/pal/xmc4700\pal_os_timer.c ****         }        
  85:C:/Users/Yushev/git/optiga-trust-qi/pal/xmc4700\pal_os_timer.c ****     }
  86:C:/Users/Yushev/git/optiga-trust-qi/pal/xmc4700\pal_os_timer.c **** }
 154              	 .loc 1 86 0
 155 0010 7047     	 bx lr
 156              	.L16:
 157 0012 00BF     	 .align 2
 158              	.L15:
 159 0014 00000000 	 .word .LANCHOR0
 160              	 .cfi_endproc
 161              	.LFE390:
 163              	 .section .text.pal_timer_init,"ax",%progbits
 164              	 .align 1
 165              	 .global pal_timer_init
 166              	 .thumb
 167              	 .thumb_func
 169              	pal_timer_init:
 170              	.LFB391:
  87:C:/Users/Yushev/git/optiga-trust-qi/pal/xmc4700\pal_os_timer.c **** 
  88:C:/Users/Yushev/git/optiga-trust-qi/pal/xmc4700\pal_os_timer.c **** //lint --e{714} suppress "This is implemented for overall completion of API"
  89:C:/Users/Yushev/git/optiga-trust-qi/pal/xmc4700\pal_os_timer.c **** pal_status_t pal_timer_init(void)
  90:C:/Users/Yushev/git/optiga-trust-qi/pal/xmc4700\pal_os_timer.c **** {
 171              	 .loc 1 90 0
 172              	 .cfi_startproc
 173              	 
 174              	 
 175              	 
  91:C:/Users/Yushev/git/optiga-trust-qi/pal/xmc4700\pal_os_timer.c ****     return PAL_STATUS_SUCCESS;
  92:C:/Users/Yushev/git/optiga-trust-qi/pal/xmc4700\pal_os_timer.c **** }
 176              	 .loc 1 92 0
 177 0000 0020     	 movs r0,#0
 178 0002 7047     	 bx lr
 179              	 .cfi_endproc
 180              	.LFE391:
 182              	 .section .text.pal_timer_deinit,"ax",%progbits
 183              	 .align 1
 184              	 .global pal_timer_deinit
 185              	 .thumb
 186              	 .thumb_func
 188              	pal_timer_deinit:
 189              	.LFB392:
  93:C:/Users/Yushev/git/optiga-trust-qi/pal/xmc4700\pal_os_timer.c **** 
  94:C:/Users/Yushev/git/optiga-trust-qi/pal/xmc4700\pal_os_timer.c **** //lint --e{714} suppress "This is implemented for overall completion of API"
  95:C:/Users/Yushev/git/optiga-trust-qi/pal/xmc4700\pal_os_timer.c **** pal_status_t pal_timer_deinit(void)
  96:C:/Users/Yushev/git/optiga-trust-qi/pal/xmc4700\pal_os_timer.c **** {
 190              	 .loc 1 96 0
 191              	 .cfi_startproc
 192              	 
 193              	 
 194              	 
  97:C:/Users/Yushev/git/optiga-trust-qi/pal/xmc4700\pal_os_timer.c ****     return PAL_STATUS_SUCCESS;
  98:C:/Users/Yushev/git/optiga-trust-qi/pal/xmc4700\pal_os_timer.c **** }
 195              	 .loc 1 98 0
 196 0000 0020     	 movs r0,#0
 197 0002 7047     	 bx lr
 198              	 .cfi_endproc
 199              	.LFE392:
 201              	 .section .bss.g_tick_count,"aw",%nobits
 202              	 .align 2
 203              	 .set .LANCHOR0,.+0
 206              	g_tick_count:
 207 0000 00000000 	 .space 4
 208              	 .section .bss.count.12662,"aw",%nobits
 209              	 .align 2
 210              	 .set .LANCHOR1,.+0
 213              	count.12662:
 214 0000 00000000 	 .space 4
 215              	 .text
 216              	.Letext0:
 217              	 .file 2 "c:\\users\\yushev\\dave_4-4-2_32bit_2018-02-23\\dave-ide-4.4.2-32bit\\eclipse\\arm-gcc-49\\arm-none-eabi\\include\\machine\\_default_types.h"
 218              	 .file 3 "c:\\users\\yushev\\dave_4-4-2_32bit_2018-02-23\\dave-ide-4.4.2-32bit\\eclipse\\arm-gcc-49\\arm-none-eabi\\include\\stdint.h"
 219              	 .file 4 "C:/Users/Yushev/git/optiga-trust-qi/projects/xmc4700_relax_kit/common/Libraries/CMSIS/Infineon/XMC4700_series/Include/XMC4700.h"
 220              	 .file 5 "C:/Users/Yushev/git/optiga-trust-qi/projects/xmc4700_relax_kit/common/Libraries/XMCLib/inc/xmc4_scu.h"
 221              	 .file 6 "C:/Users/Yushev/git/optiga-trust-qi/projects/xmc4700_relax_kit/common/Libraries/XMCLib/inc/xmc_usic.h"
 222              	 .file 7 "C:/Users/Yushev/git/optiga-trust-qi/projects/xmc4700_relax_kit/common/Libraries/XMCLib/inc/xmc_usbd_regs.h"
 223              	 .file 8 "C:/Users/Yushev/git/optiga-trust-qi/projects/xmc4700_relax_kit/common/Libraries/XMCLib/inc/xmc_usbd.h"
 224              	 .file 9 "C:/Users/Yushev/git/optiga-trust-qi/projects/xmc4700_relax_kit/common/Dave/Generated/USBD/usbd.h"
 225              	 .file 10 "C:/Users/Yushev/git/optiga-trust-qi/projects/xmc4700_relax_kit/common/Libraries/XMCLib/inc/xmc_ccu4.h"
 226              	 .file 11 "C:/Users/Yushev/git/optiga-trust-qi/projects/xmc4700_relax_kit/common/Dave/Generated/GLOBAL_CCU4/global_ccu4.h"
 227              	 .file 12 "C:/Users/Yushev/git/optiga-trust-qi/projects/xmc4700_relax_kit/common/Dave/Generated/TIMER/timer.h"
 228              	 .file 13 "C:/Users/Yushev/git/optiga-trust-qi/optiga/include/optiga/pal/pal.h"
 229              	 .file 14 "C:/Users/Yushev/git/optiga-trust-qi/projects/xmc4700_relax_kit/common/Libraries/CMSIS/Include/core_cm4.h"
 230              	 .file 15 "C:/Users/Yushev/git/optiga-trust-qi/projects/xmc4700_relax_kit/common/Libraries/CMSIS/Infineon/XMC4700_series/Include/system_XMC4700.h"
 231              	 .file 16 "C:/Users/Yushev/git/optiga-trust-qi/projects/xmc4700_relax_kit/common/Dave/Generated/USBD/usbd_extern.h"
 232              	 .file 17 "C:/Users/Yushev/git/optiga-trust-qi/projects/xmc4700_relax_kit/common/Dave/Generated/TIMER/timer_extern.h"
DEFINED SYMBOLS
                            *ABS*:00000000 pal_os_timer.c
    {standard input}:20     .text.CCU41_1_IRQHandler:00000000 $t
    {standard input}:25     .text.CCU41_1_IRQHandler:00000000 CCU41_1_IRQHandler
    {standard input}:55     .text.CCU41_1_IRQHandler:0000001c $d
    {standard input}:61     .text.pal_os_timer_get_time_in_microseconds:00000000 $t
    {standard input}:66     .text.pal_os_timer_get_time_in_microseconds:00000000 pal_os_timer_get_time_in_microseconds
    {standard input}:83     .text.pal_os_timer_get_time_in_microseconds:0000000c $d
    {standard input}:88     .text.pal_os_timer_get_time_in_milliseconds:00000000 $t
    {standard input}:93     .text.pal_os_timer_get_time_in_milliseconds:00000000 pal_os_timer_get_time_in_milliseconds
    {standard input}:108    .text.pal_os_timer_get_time_in_milliseconds:00000008 $d
    {standard input}:113    .text.pal_os_timer_delay_in_milliseconds:00000000 $t
    {standard input}:118    .text.pal_os_timer_delay_in_milliseconds:00000000 pal_os_timer_delay_in_milliseconds
    {standard input}:159    .text.pal_os_timer_delay_in_milliseconds:00000014 $d
    {standard input}:164    .text.pal_timer_init:00000000 $t
    {standard input}:169    .text.pal_timer_init:00000000 pal_timer_init
    {standard input}:183    .text.pal_timer_deinit:00000000 $t
    {standard input}:188    .text.pal_timer_deinit:00000000 pal_timer_deinit
    {standard input}:202    .bss.g_tick_count:00000000 $d
    {standard input}:206    .bss.g_tick_count:00000000 g_tick_count
    {standard input}:209    .bss.count.12662:00000000 $d
    {standard input}:213    .bss.count.12662:00000000 count.12662
                     .debug_frame:00000010 $d

UNDEFINED SYMBOLS
TIMER_ClearEvent
TIMER_Clear
tick_timer
