   1              	 .syntax unified
   2              	 .cpu cortex-m4
   3              	 .eabi_attribute 27,3
   4              	 .fpu fpv4-sp-d16
   5              	 .eabi_attribute 20,1
   6              	 .eabi_attribute 21,1
   7              	 .eabi_attribute 23,3
   8              	 .eabi_attribute 24,1
   9              	 .eabi_attribute 25,1
  10              	 .eabi_attribute 26,1
  11              	 .eabi_attribute 30,4
  12              	 .eabi_attribute 34,1
  13              	 .eabi_attribute 18,4
  14              	 .thumb
  15              	 .file "syscalls.c"
  16              	 .text
  17              	.Ltext0:
  18              	 .cfi_sections .debug_frame
  19              	 .section .text._sbrk,"ax",%progbits
  20              	 .align 1
  21              	 .global _sbrk
  22              	 .thumb
  23              	 .thumb_func
  25              	_sbrk:
  26              	.LFB0:
  27              	 .file 1 "C:/Users/Yushev/git/optiga-trust-qi/projects/xmc4700_relax_kit/common/Libraries/Newlib/syscalls.c"
   1:C:/Users/Yushev/git/optiga-trust-qi/projects/xmc4700_relax_kit/common/Libraries/Newlib\syscalls.c **** /**************************************************************************************************
   2:C:/Users/Yushev/git/optiga-trust-qi/projects/xmc4700_relax_kit/common/Libraries/Newlib\syscalls.c ****  * @file     syscalls.c
   3:C:/Users/Yushev/git/optiga-trust-qi/projects/xmc4700_relax_kit/common/Libraries/Newlib\syscalls.c ****  * @brief    Newlib stubs
   4:C:/Users/Yushev/git/optiga-trust-qi/projects/xmc4700_relax_kit/common/Libraries/Newlib\syscalls.c ****  * @version  V1.6
   5:C:/Users/Yushev/git/optiga-trust-qi/projects/xmc4700_relax_kit/common/Libraries/Newlib\syscalls.c ****  * @date     20 Apr 2017
   6:C:/Users/Yushev/git/optiga-trust-qi/projects/xmc4700_relax_kit/common/Libraries/Newlib\syscalls.c ****  *
   7:C:/Users/Yushev/git/optiga-trust-qi/projects/xmc4700_relax_kit/common/Libraries/Newlib\syscalls.c ****  * @cond
   8:C:/Users/Yushev/git/optiga-trust-qi/projects/xmc4700_relax_kit/common/Libraries/Newlib\syscalls.c ****  **************************************************************************************************
   9:C:/Users/Yushev/git/optiga-trust-qi/projects/xmc4700_relax_kit/common/Libraries/Newlib\syscalls.c ****  * Copyright (c) 2015-2017, Infineon Technologies AG
  10:C:/Users/Yushev/git/optiga-trust-qi/projects/xmc4700_relax_kit/common/Libraries/Newlib\syscalls.c ****  * All rights reserved.
  11:C:/Users/Yushev/git/optiga-trust-qi/projects/xmc4700_relax_kit/common/Libraries/Newlib\syscalls.c ****  *
  12:C:/Users/Yushev/git/optiga-trust-qi/projects/xmc4700_relax_kit/common/Libraries/Newlib\syscalls.c ****  * Redistribution and use in source and binary forms, with or without modification,are permitted pr
  13:C:/Users/Yushev/git/optiga-trust-qi/projects/xmc4700_relax_kit/common/Libraries/Newlib\syscalls.c ****  * following conditions are met:
  14:C:/Users/Yushev/git/optiga-trust-qi/projects/xmc4700_relax_kit/common/Libraries/Newlib\syscalls.c ****  *
  15:C:/Users/Yushev/git/optiga-trust-qi/projects/xmc4700_relax_kit/common/Libraries/Newlib\syscalls.c ****  * Redistributions of source code must retain the above copyright notice, this list of conditions a
  16:C:/Users/Yushev/git/optiga-trust-qi/projects/xmc4700_relax_kit/common/Libraries/Newlib\syscalls.c ****  * disclaimer.
  17:C:/Users/Yushev/git/optiga-trust-qi/projects/xmc4700_relax_kit/common/Libraries/Newlib\syscalls.c ****  *
  18:C:/Users/Yushev/git/optiga-trust-qi/projects/xmc4700_relax_kit/common/Libraries/Newlib\syscalls.c ****  * Redistributions in binary form must reproduce the above copyright notice, this list of condition
  19:C:/Users/Yushev/git/optiga-trust-qi/projects/xmc4700_relax_kit/common/Libraries/Newlib\syscalls.c ****  * disclaimer in the documentation and/or other materials provided with the distribution.
  20:C:/Users/Yushev/git/optiga-trust-qi/projects/xmc4700_relax_kit/common/Libraries/Newlib\syscalls.c ****  *
  21:C:/Users/Yushev/git/optiga-trust-qi/projects/xmc4700_relax_kit/common/Libraries/Newlib\syscalls.c ****  * Neither the name of the copyright holders nor the names of its contributors may be used to endor
  22:C:/Users/Yushev/git/optiga-trust-qi/projects/xmc4700_relax_kit/common/Libraries/Newlib\syscalls.c ****  * products derived from this software without specific prior written permission.
  23:C:/Users/Yushev/git/optiga-trust-qi/projects/xmc4700_relax_kit/common/Libraries/Newlib\syscalls.c ****  *
  24:C:/Users/Yushev/git/optiga-trust-qi/projects/xmc4700_relax_kit/common/Libraries/Newlib\syscalls.c ****  * THIS SOFTWARE IS PROVIDED BY THE COPYRIGHT HOLDERS AND CONTRIBUTORS "AS IS" AND ANY EXPRESS OR I
  25:C:/Users/Yushev/git/optiga-trust-qi/projects/xmc4700_relax_kit/common/Libraries/Newlib\syscalls.c ****  * INCLUDING, BUT NOT LIMITED TO, THE IMPLIED WARRANTIES OF MERCHANTABILITY AND FITNESS FOR A PARTI
  26:C:/Users/Yushev/git/optiga-trust-qi/projects/xmc4700_relax_kit/common/Libraries/Newlib\syscalls.c ****  * DISCLAIMED. IN NO EVENT SHALL THE COPYRIGHT HOLDER OR CONTRIBUTORS BE LIABLE  FOR ANY DIRECT, IN
  27:C:/Users/Yushev/git/optiga-trust-qi/projects/xmc4700_relax_kit/common/Libraries/Newlib\syscalls.c ****  * SPECIAL, EXEMPLARY, OR CONSEQUENTIAL DAMAGES (INCLUDING, BUT NOT LIMITED TO, PROCUREMENT OF SUBS
  28:C:/Users/Yushev/git/optiga-trust-qi/projects/xmc4700_relax_kit/common/Libraries/Newlib\syscalls.c ****  * SERVICES; LOSS OF USE, DATA, OR PROFITS; OR BUSINESS INTERRUPTION) HOWEVER CAUSED AND ON ANY THE
  29:C:/Users/Yushev/git/optiga-trust-qi/projects/xmc4700_relax_kit/common/Libraries/Newlib\syscalls.c ****  * WHETHER IN CONTRACT, STRICT LIABILITY,OR TORT (INCLUDING NEGLIGENCE OR OTHERWISE) ARISING IN ANY
  30:C:/Users/Yushev/git/optiga-trust-qi/projects/xmc4700_relax_kit/common/Libraries/Newlib\syscalls.c ****  * OF THIS SOFTWARE, EVEN IF ADVISED OF THE POSSIBILITY OF SUCH DAMAGE.
  31:C:/Users/Yushev/git/optiga-trust-qi/projects/xmc4700_relax_kit/common/Libraries/Newlib\syscalls.c ****  *
  32:C:/Users/Yushev/git/optiga-trust-qi/projects/xmc4700_relax_kit/common/Libraries/Newlib\syscalls.c ****  * To improve the quality of the software, users are encouraged to share modifications, enhancement
  33:C:/Users/Yushev/git/optiga-trust-qi/projects/xmc4700_relax_kit/common/Libraries/Newlib\syscalls.c ****  * Infineon Technologies AG dave@infineon.com).
  34:C:/Users/Yushev/git/optiga-trust-qi/projects/xmc4700_relax_kit/common/Libraries/Newlib\syscalls.c ****  **************************************************************************************************
  35:C:/Users/Yushev/git/optiga-trust-qi/projects/xmc4700_relax_kit/common/Libraries/Newlib\syscalls.c ****  *
  36:C:/Users/Yushev/git/optiga-trust-qi/projects/xmc4700_relax_kit/common/Libraries/Newlib\syscalls.c ****  * *************************** Change history ********************************
  37:C:/Users/Yushev/git/optiga-trust-qi/projects/xmc4700_relax_kit/common/Libraries/Newlib\syscalls.c ****  * V0.1                  : Initial version
  38:C:/Users/Yushev/git/optiga-trust-qi/projects/xmc4700_relax_kit/common/Libraries/Newlib\syscalls.c ****  * V0.2                  : Label updates
  39:C:/Users/Yushev/git/optiga-trust-qi/projects/xmc4700_relax_kit/common/Libraries/Newlib\syscalls.c ****  * V1.0                  : Made _sbrk device agnostic
  40:C:/Users/Yushev/git/optiga-trust-qi/projects/xmc4700_relax_kit/common/Libraries/Newlib\syscalls.c ****  * V1.1                  : C++ support
  41:C:/Users/Yushev/git/optiga-trust-qi/projects/xmc4700_relax_kit/common/Libraries/Newlib\syscalls.c ****  * V1.2                  : Restored compatibility with old project files
  42:C:/Users/Yushev/git/optiga-trust-qi/projects/xmc4700_relax_kit/common/Libraries/Newlib\syscalls.c ****  * V1.3    Jan 2014, PKB : Encapsulating everything in this file for use only with GCC
  43:C:/Users/Yushev/git/optiga-trust-qi/projects/xmc4700_relax_kit/common/Libraries/Newlib\syscalls.c ****  * V1.4 11 Dec 2015, JFT : Fix heap overflow
  44:C:/Users/Yushev/git/optiga-trust-qi/projects/xmc4700_relax_kit/common/Libraries/Newlib\syscalls.c ****  * V1.5 09 Mar 2016, JFT : Add dso_handle to support destructors call at exit 
  45:C:/Users/Yushev/git/optiga-trust-qi/projects/xmc4700_relax_kit/common/Libraries/Newlib\syscalls.c ****  * V1.6 20 Apr 2017, JFT : Foward declaration of __sbrk to fix link time optimization (-flto) compi
  46:C:/Users/Yushev/git/optiga-trust-qi/projects/xmc4700_relax_kit/common/Libraries/Newlib\syscalls.c ****  * @endcond
  47:C:/Users/Yushev/git/optiga-trust-qi/projects/xmc4700_relax_kit/common/Libraries/Newlib\syscalls.c ****  */
  48:C:/Users/Yushev/git/optiga-trust-qi/projects/xmc4700_relax_kit/common/Libraries/Newlib\syscalls.c **** 
  49:C:/Users/Yushev/git/optiga-trust-qi/projects/xmc4700_relax_kit/common/Libraries/Newlib\syscalls.c **** /*
  50:C:/Users/Yushev/git/optiga-trust-qi/projects/xmc4700_relax_kit/common/Libraries/Newlib\syscalls.c ****  * This file contains stubs for standard C library functionality that must
  51:C:/Users/Yushev/git/optiga-trust-qi/projects/xmc4700_relax_kit/common/Libraries/Newlib\syscalls.c ****  * typically be provided for the underlying platform.
  52:C:/Users/Yushev/git/optiga-trust-qi/projects/xmc4700_relax_kit/common/Libraries/Newlib\syscalls.c ****  *
  53:C:/Users/Yushev/git/optiga-trust-qi/projects/xmc4700_relax_kit/common/Libraries/Newlib\syscalls.c ****  */
  54:C:/Users/Yushev/git/optiga-trust-qi/projects/xmc4700_relax_kit/common/Libraries/Newlib\syscalls.c **** #if defined ( __GNUC__ )
  55:C:/Users/Yushev/git/optiga-trust-qi/projects/xmc4700_relax_kit/common/Libraries/Newlib\syscalls.c **** 
  56:C:/Users/Yushev/git/optiga-trust-qi/projects/xmc4700_relax_kit/common/Libraries/Newlib\syscalls.c **** #include <stdint.h>
  57:C:/Users/Yushev/git/optiga-trust-qi/projects/xmc4700_relax_kit/common/Libraries/Newlib\syscalls.c **** #include <errno.h>
  58:C:/Users/Yushev/git/optiga-trust-qi/projects/xmc4700_relax_kit/common/Libraries/Newlib\syscalls.c **** #include <sys/types.h>
  59:C:/Users/Yushev/git/optiga-trust-qi/projects/xmc4700_relax_kit/common/Libraries/Newlib\syscalls.c **** 
  60:C:/Users/Yushev/git/optiga-trust-qi/projects/xmc4700_relax_kit/common/Libraries/Newlib\syscalls.c **** /* Forward prototypes.  */
  61:C:/Users/Yushev/git/optiga-trust-qi/projects/xmc4700_relax_kit/common/Libraries/Newlib\syscalls.c **** caddr_t _sbrk(int nbytes) __attribute__((externally_visible));
  62:C:/Users/Yushev/git/optiga-trust-qi/projects/xmc4700_relax_kit/common/Libraries/Newlib\syscalls.c **** void _init(void) __attribute__((externally_visible));
  63:C:/Users/Yushev/git/optiga-trust-qi/projects/xmc4700_relax_kit/common/Libraries/Newlib\syscalls.c **** 
  64:C:/Users/Yushev/git/optiga-trust-qi/projects/xmc4700_relax_kit/common/Libraries/Newlib\syscalls.c **** /* c++ destructor dynamic shared object needed if -fuse-cxa-atexit is used*/
  65:C:/Users/Yushev/git/optiga-trust-qi/projects/xmc4700_relax_kit/common/Libraries/Newlib\syscalls.c **** void *__dso_handle __attribute__ ((weak));
  66:C:/Users/Yushev/git/optiga-trust-qi/projects/xmc4700_relax_kit/common/Libraries/Newlib\syscalls.c **** 
  67:C:/Users/Yushev/git/optiga-trust-qi/projects/xmc4700_relax_kit/common/Libraries/Newlib\syscalls.c **** // defined in linker script
  68:C:/Users/Yushev/git/optiga-trust-qi/projects/xmc4700_relax_kit/common/Libraries/Newlib\syscalls.c **** extern caddr_t Heap_Bank1_Start;
  69:C:/Users/Yushev/git/optiga-trust-qi/projects/xmc4700_relax_kit/common/Libraries/Newlib\syscalls.c **** extern caddr_t Heap_Bank1_End;
  70:C:/Users/Yushev/git/optiga-trust-qi/projects/xmc4700_relax_kit/common/Libraries/Newlib\syscalls.c **** caddr_t _sbrk(int nbytes)
  71:C:/Users/Yushev/git/optiga-trust-qi/projects/xmc4700_relax_kit/common/Libraries/Newlib\syscalls.c **** {
  28              	 .loc 1 71 0
  29              	 .cfi_startproc
  30              	 
  31              	 
  32              	.LVL0:
  33 0000 08B5     	 push {r3,lr}
  34              	.LCFI0:
  35              	 .cfi_def_cfa_offset 8
  36              	 .cfi_offset 3,-8
  37              	 .cfi_offset 14,-4
  72:C:/Users/Yushev/git/optiga-trust-qi/projects/xmc4700_relax_kit/common/Libraries/Newlib\syscalls.c ****   static caddr_t heap_ptr = NULL;
  73:C:/Users/Yushev/git/optiga-trust-qi/projects/xmc4700_relax_kit/common/Libraries/Newlib\syscalls.c ****   caddr_t base;
  74:C:/Users/Yushev/git/optiga-trust-qi/projects/xmc4700_relax_kit/common/Libraries/Newlib\syscalls.c **** 
  75:C:/Users/Yushev/git/optiga-trust-qi/projects/xmc4700_relax_kit/common/Libraries/Newlib\syscalls.c ****   if (heap_ptr == NULL) {
  38              	 .loc 1 75 0
  39 0002 0C4B     	 ldr r3,.L6
  40 0004 1A68     	 ldr r2,[r3]
  41 0006 0AB9     	 cbnz r2,.L2
  76:C:/Users/Yushev/git/optiga-trust-qi/projects/xmc4700_relax_kit/common/Libraries/Newlib\syscalls.c ****     heap_ptr = (caddr_t)&Heap_Bank1_Start;
  42              	 .loc 1 76 0
  43 0008 0B4A     	 ldr r2,.L6+4
  44 000a 1A60     	 str r2,[r3]
  45              	.L2:
  77:C:/Users/Yushev/git/optiga-trust-qi/projects/xmc4700_relax_kit/common/Libraries/Newlib\syscalls.c ****   }
  78:C:/Users/Yushev/git/optiga-trust-qi/projects/xmc4700_relax_kit/common/Libraries/Newlib\syscalls.c **** 
  79:C:/Users/Yushev/git/optiga-trust-qi/projects/xmc4700_relax_kit/common/Libraries/Newlib\syscalls.c ****   base = heap_ptr;
  46              	 .loc 1 79 0
  47 000c 1A68     	 ldr r2,[r3]
  48              	.LVL1:
  80:C:/Users/Yushev/git/optiga-trust-qi/projects/xmc4700_relax_kit/common/Libraries/Newlib\syscalls.c **** 
  81:C:/Users/Yushev/git/optiga-trust-qi/projects/xmc4700_relax_kit/common/Libraries/Newlib\syscalls.c ****   /* heap word alignment */
  82:C:/Users/Yushev/git/optiga-trust-qi/projects/xmc4700_relax_kit/common/Libraries/Newlib\syscalls.c ****   nbytes = (nbytes + 3) & ~0x3U;
  83:C:/Users/Yushev/git/optiga-trust-qi/projects/xmc4700_relax_kit/common/Libraries/Newlib\syscalls.c ****   if ((caddr_t)&Heap_Bank1_End > (heap_ptr + nbytes))
  49              	 .loc 1 83 0
  50 000e 0B49     	 ldr r1,.L6+8
  82:C:/Users/Yushev/git/optiga-trust-qi/projects/xmc4700_relax_kit/common/Libraries/Newlib\syscalls.c ****   if ((caddr_t)&Heap_Bank1_End > (heap_ptr + nbytes))
  51              	 .loc 1 82 0
  52 0010 C31C     	 adds r3,r0,#3
  53              	.LVL2:
  54 0012 23F00303 	 bic r3,r3,#3
  55              	.LVL3:
  56              	 .loc 1 83 0
  57 0016 1344     	 add r3,r3,r2
  58              	.LVL4:
  59 0018 8B42     	 cmp r3,r1
  60 001a 03D2     	 bcs .L3
  84:C:/Users/Yushev/git/optiga-trust-qi/projects/xmc4700_relax_kit/common/Libraries/Newlib\syscalls.c ****   {
  85:C:/Users/Yushev/git/optiga-trust-qi/projects/xmc4700_relax_kit/common/Libraries/Newlib\syscalls.c ****     heap_ptr += nbytes;
  61              	 .loc 1 85 0
  62 001c 0549     	 ldr r1,.L6
  86:C:/Users/Yushev/git/optiga-trust-qi/projects/xmc4700_relax_kit/common/Libraries/Newlib\syscalls.c ****     return (base);
  63              	 .loc 1 86 0
  64 001e 1046     	 mov r0,r2
  65              	.LVL5:
  85:C:/Users/Yushev/git/optiga-trust-qi/projects/xmc4700_relax_kit/common/Libraries/Newlib\syscalls.c ****     return (base);
  66              	 .loc 1 85 0
  67 0020 0B60     	 str r3,[r1]
  68              	 .loc 1 86 0
  69 0022 08BD     	 pop {r3,pc}
  70              	.LVL6:
  71              	.L3:
  87:C:/Users/Yushev/git/optiga-trust-qi/projects/xmc4700_relax_kit/common/Libraries/Newlib\syscalls.c ****   }
  88:C:/Users/Yushev/git/optiga-trust-qi/projects/xmc4700_relax_kit/common/Libraries/Newlib\syscalls.c ****   else
  89:C:/Users/Yushev/git/optiga-trust-qi/projects/xmc4700_relax_kit/common/Libraries/Newlib\syscalls.c ****   {
  90:C:/Users/Yushev/git/optiga-trust-qi/projects/xmc4700_relax_kit/common/Libraries/Newlib\syscalls.c ****     /* Heap overflow */
  91:C:/Users/Yushev/git/optiga-trust-qi/projects/xmc4700_relax_kit/common/Libraries/Newlib\syscalls.c ****     errno = ENOMEM;
  72              	 .loc 1 91 0
  73 0024 FFF7FEFF 	 bl __errno
  74              	.LVL7:
  75 0028 0C23     	 movs r3,#12
  76 002a 0360     	 str r3,[r0]
  92:C:/Users/Yushev/git/optiga-trust-qi/projects/xmc4700_relax_kit/common/Libraries/Newlib\syscalls.c ****     return ((caddr_t)-1);
  77              	 .loc 1 92 0
  78 002c 4FF0FF30 	 mov r0,#-1
  93:C:/Users/Yushev/git/optiga-trust-qi/projects/xmc4700_relax_kit/common/Libraries/Newlib\syscalls.c ****   }
  94:C:/Users/Yushev/git/optiga-trust-qi/projects/xmc4700_relax_kit/common/Libraries/Newlib\syscalls.c **** }
  79              	 .loc 1 94 0
  80 0030 08BD     	 pop {r3,pc}
  81              	.L7:
  82 0032 00BF     	 .align 2
  83              	.L6:
  84 0034 00000000 	 .word .LANCHOR0
  85 0038 00000000 	 .word Heap_Bank1_Start
  86 003c 00000000 	 .word Heap_Bank1_End
  87              	 .cfi_endproc
  88              	.LFE0:
  90              	 .section .text._init,"ax",%progbits
  91              	 .align 1
  92              	 .global _init
  93              	 .thumb
  94              	 .thumb_func
  96              	_init:
  97              	.LFB1:
  95:C:/Users/Yushev/git/optiga-trust-qi/projects/xmc4700_relax_kit/common/Libraries/Newlib\syscalls.c **** 
  96:C:/Users/Yushev/git/optiga-trust-qi/projects/xmc4700_relax_kit/common/Libraries/Newlib\syscalls.c **** /* Init */
  97:C:/Users/Yushev/git/optiga-trust-qi/projects/xmc4700_relax_kit/common/Libraries/Newlib\syscalls.c **** void _init(void)
  98:C:/Users/Yushev/git/optiga-trust-qi/projects/xmc4700_relax_kit/common/Libraries/Newlib\syscalls.c **** {}
  98              	 .loc 1 98 0
  99              	 .cfi_startproc
 100              	 
 101              	 
 102              	 
 103 0000 7047     	 bx lr
 104              	 .cfi_endproc
 105              	.LFE1:
 107              	 .weak __dso_handle
 108              	 .section .bss.__dso_handle,"aw",%nobits
 109              	 .align 2
 112              	__dso_handle:
 113 0000 00000000 	 .space 4
 114              	 .section .bss.heap_ptr.4331,"aw",%nobits
 115              	 .align 2
 116              	 .set .LANCHOR0,.+0
 119              	heap_ptr.4331:
 120 0000 00000000 	 .space 4
 121              	 .text
 122              	.Letext0:
 123              	 .file 2 "c:\\users\\yushev\\dave_4-4-2_32bit_2018-02-23\\dave-ide-4.4.2-32bit\\eclipse\\arm-gcc-49\\arm-none-eabi\\include\\sys\\types.h"
 124              	 .file 3 "c:\\users\\yushev\\dave_4-4-2_32bit_2018-02-23\\dave-ide-4.4.2-32bit\\eclipse\\arm-gcc-49\\arm-none-eabi\\include\\sys\\errno.h"
DEFINED SYMBOLS
                            *ABS*:00000000 syscalls.c
    {standard input}:20     .text._sbrk:00000000 $t
    {standard input}:25     .text._sbrk:00000000 _sbrk
    {standard input}:84     .text._sbrk:00000034 $d
    {standard input}:91     .text._init:00000000 $t
    {standard input}:96     .text._init:00000000 _init
    {standard input}:112    .bss.__dso_handle:00000000 __dso_handle
    {standard input}:109    .bss.__dso_handle:00000000 $d
    {standard input}:115    .bss.heap_ptr.4331:00000000 $d
    {standard input}:119    .bss.heap_ptr.4331:00000000 heap_ptr.4331
                     .debug_frame:00000010 $d

UNDEFINED SYMBOLS
__errno
Heap_Bank1_Start
Heap_Bank1_End
