   1              	 .syntax unified
   2              	 .cpu cortex-m4
   3              	 .eabi_attribute 27,3
   4              	 .fpu fpv4-sp-d16
   5              	 .eabi_attribute 20,1
   6              	 .eabi_attribute 21,1
   7              	 .eabi_attribute 23,3
   8              	 .eabi_attribute 24,1
   9              	 .eabi_attribute 25,1
  10              	 .eabi_attribute 26,1
  11              	 .eabi_attribute 30,4
  12              	 .eabi_attribute 34,1
  13              	 .eabi_attribute 18,4
  14              	 .thumb
  15              	 .file "optiga_lib_common.c"
  16              	 .text
  17              	.Ltext0:
  18              	 .cfi_sections .debug_frame
  19              	 .section .text.optiga_common_set_uint16,"ax",%progbits
  20              	 .align 1
  21              	 .global optiga_common_set_uint16
  22              	 .thumb
  23              	 .thumb_func
  25              	optiga_common_set_uint16:
  26              	.LFB0:
  27              	 .file 1 "C:/Users/Yushev/git/optiga-trust-qi/optiga/common/optiga_lib_common.c"
   1:C:/Users/Yushev/git/optiga-trust-qi/optiga/common\optiga_lib_common.c **** /**
   2:C:/Users/Yushev/git/optiga-trust-qi/optiga/common\optiga_lib_common.c **** * \copyright
   3:C:/Users/Yushev/git/optiga-trust-qi/optiga/common\optiga_lib_common.c **** * MIT License
   4:C:/Users/Yushev/git/optiga-trust-qi/optiga/common\optiga_lib_common.c **** *
   5:C:/Users/Yushev/git/optiga-trust-qi/optiga/common\optiga_lib_common.c **** * Copyright (c) 2020 Infineon Technologies AG
   6:C:/Users/Yushev/git/optiga-trust-qi/optiga/common\optiga_lib_common.c **** *
   7:C:/Users/Yushev/git/optiga-trust-qi/optiga/common\optiga_lib_common.c **** * Permission is hereby granted, free of charge, to any person obtaining a copy
   8:C:/Users/Yushev/git/optiga-trust-qi/optiga/common\optiga_lib_common.c **** * of this software and associated documentation files (the "Software"), to deal
   9:C:/Users/Yushev/git/optiga-trust-qi/optiga/common\optiga_lib_common.c **** * in the Software without restriction, including without limitation the rights
  10:C:/Users/Yushev/git/optiga-trust-qi/optiga/common\optiga_lib_common.c **** * to use, copy, modify, merge, publish, distribute, sublicense, and/or sell
  11:C:/Users/Yushev/git/optiga-trust-qi/optiga/common\optiga_lib_common.c **** * copies of the Software, and to permit persons to whom the Software is
  12:C:/Users/Yushev/git/optiga-trust-qi/optiga/common\optiga_lib_common.c **** * furnished to do so, subject to the following conditions:
  13:C:/Users/Yushev/git/optiga-trust-qi/optiga/common\optiga_lib_common.c **** *
  14:C:/Users/Yushev/git/optiga-trust-qi/optiga/common\optiga_lib_common.c **** * The above copyright notice and this permission notice shall be included in all
  15:C:/Users/Yushev/git/optiga-trust-qi/optiga/common\optiga_lib_common.c **** * copies or substantial portions of the Software.
  16:C:/Users/Yushev/git/optiga-trust-qi/optiga/common\optiga_lib_common.c **** *
  17:C:/Users/Yushev/git/optiga-trust-qi/optiga/common\optiga_lib_common.c **** * THE SOFTWARE IS PROVIDED "AS IS", WITHOUT WARRANTY OF ANY KIND, EXPRESS OR
  18:C:/Users/Yushev/git/optiga-trust-qi/optiga/common\optiga_lib_common.c **** * IMPLIED, INCLUDING BUT NOT LIMITED TO THE WARRANTIES OF MERCHANTABILITY,
  19:C:/Users/Yushev/git/optiga-trust-qi/optiga/common\optiga_lib_common.c **** * FITNESS FOR A PARTICULAR PURPOSE AND NONINFRINGEMENT. IN NO EVENT SHALL THE
  20:C:/Users/Yushev/git/optiga-trust-qi/optiga/common\optiga_lib_common.c **** * AUTHORS OR COPYRIGHT HOLDERS BE LIABLE FOR ANY CLAIM, DAMAGES OR OTHER
  21:C:/Users/Yushev/git/optiga-trust-qi/optiga/common\optiga_lib_common.c **** * LIABILITY, WHETHER IN AN ACTION OF CONTRACT, TORT OR OTHERWISE, ARISING FROM,
  22:C:/Users/Yushev/git/optiga-trust-qi/optiga/common\optiga_lib_common.c **** * OUT OF OR IN CONNECTION WITH THE SOFTWARE OR THE USE OR OTHER DEALINGS IN THE
  23:C:/Users/Yushev/git/optiga-trust-qi/optiga/common\optiga_lib_common.c **** * SOFTWARE
  24:C:/Users/Yushev/git/optiga-trust-qi/optiga/common\optiga_lib_common.c **** *
  25:C:/Users/Yushev/git/optiga-trust-qi/optiga/common\optiga_lib_common.c **** * \endcopyright
  26:C:/Users/Yushev/git/optiga-trust-qi/optiga/common\optiga_lib_common.c **** *
  27:C:/Users/Yushev/git/optiga-trust-qi/optiga/common\optiga_lib_common.c **** * \author Infineon Technologies AG
  28:C:/Users/Yushev/git/optiga-trust-qi/optiga/common\optiga_lib_common.c **** *
  29:C:/Users/Yushev/git/optiga-trust-qi/optiga/common\optiga_lib_common.c **** * \file optiga_lib_common.c
  30:C:/Users/Yushev/git/optiga-trust-qi/optiga/common\optiga_lib_common.c **** *
  31:C:/Users/Yushev/git/optiga-trust-qi/optiga/common\optiga_lib_common.c **** * \brief   This file implements the commonly used functions by the OPTIGA Library .
  32:C:/Users/Yushev/git/optiga-trust-qi/optiga/common\optiga_lib_common.c **** *
  33:C:/Users/Yushev/git/optiga-trust-qi/optiga/common\optiga_lib_common.c **** * \ingroup  grOptigaLibCommon
  34:C:/Users/Yushev/git/optiga-trust-qi/optiga/common\optiga_lib_common.c **** *
  35:C:/Users/Yushev/git/optiga-trust-qi/optiga/common\optiga_lib_common.c **** * @{
  36:C:/Users/Yushev/git/optiga-trust-qi/optiga/common\optiga_lib_common.c **** */
  37:C:/Users/Yushev/git/optiga-trust-qi/optiga/common\optiga_lib_common.c **** 
  38:C:/Users/Yushev/git/optiga-trust-qi/optiga/common\optiga_lib_common.c **** #include "optiga/common/optiga_lib_types.h"
  39:C:/Users/Yushev/git/optiga-trust-qi/optiga/common\optiga_lib_common.c **** #include "optiga/common/optiga_lib_common.h"
  40:C:/Users/Yushev/git/optiga-trust-qi/optiga/common\optiga_lib_common.c **** 
  41:C:/Users/Yushev/git/optiga-trust-qi/optiga/common\optiga_lib_common.c **** void optiga_common_set_uint16 (uint8_t * p_output_buffer,uint16_t two_byte_value)
  42:C:/Users/Yushev/git/optiga-trust-qi/optiga/common\optiga_lib_common.c **** {
  28              	 .loc 1 42 0
  29              	 .cfi_startproc
  30              	 
  31              	 
  32              	 
  33              	.LVL0:
  43:C:/Users/Yushev/git/optiga-trust-qi/optiga/common\optiga_lib_common.c ****     *p_output_buffer = (uint8_t)(two_byte_value>>8);
  34              	 .loc 1 43 0
  35 0000 0B0A     	 lsrs r3,r1,#8
  36 0002 0370     	 strb r3,[r0]
  44:C:/Users/Yushev/git/optiga-trust-qi/optiga/common\optiga_lib_common.c ****     *(p_output_buffer + 1) = (uint8_t)(two_byte_value);
  37              	 .loc 1 44 0
  38 0004 4170     	 strb r1,[r0,#1]
  39 0006 7047     	 bx lr
  40              	 .cfi_endproc
  41              	.LFE0:
  43              	 .section .text.optiga_common_set_uint32,"ax",%progbits
  44              	 .align 1
  45              	 .global optiga_common_set_uint32
  46              	 .thumb
  47              	 .thumb_func
  49              	optiga_common_set_uint32:
  50              	.LFB1:
  45:C:/Users/Yushev/git/optiga-trust-qi/optiga/common\optiga_lib_common.c **** }
  46:C:/Users/Yushev/git/optiga-trust-qi/optiga/common\optiga_lib_common.c **** 
  47:C:/Users/Yushev/git/optiga-trust-qi/optiga/common\optiga_lib_common.c **** void optiga_common_set_uint32 (uint8_t* p_output_buffer,uint32_t four_byte_value)
  48:C:/Users/Yushev/git/optiga-trust-qi/optiga/common\optiga_lib_common.c **** {
  51              	 .loc 1 48 0
  52              	 .cfi_startproc
  53              	 
  54              	 
  55              	 
  56              	.LVL1:
  49:C:/Users/Yushev/git/optiga-trust-qi/optiga/common\optiga_lib_common.c ****     *(p_output_buffer) = (uint8_t)(four_byte_value>>24);
  57              	 .loc 1 49 0
  58 0000 0B0E     	 lsrs r3,r1,#24
  59 0002 0370     	 strb r3,[r0]
  50:C:/Users/Yushev/git/optiga-trust-qi/optiga/common\optiga_lib_common.c ****     *(p_output_buffer + 1) = (uint8_t)(four_byte_value>>16);
  60              	 .loc 1 50 0
  61 0004 0B0C     	 lsrs r3,r1,#16
  62 0006 4370     	 strb r3,[r0,#1]
  51:C:/Users/Yushev/git/optiga-trust-qi/optiga/common\optiga_lib_common.c ****     *(p_output_buffer + 2) = (uint8_t)(four_byte_value>>8);
  63              	 .loc 1 51 0
  64 0008 0B0A     	 lsrs r3,r1,#8
  65 000a 8370     	 strb r3,[r0,#2]
  52:C:/Users/Yushev/git/optiga-trust-qi/optiga/common\optiga_lib_common.c ****     *(p_output_buffer + 3) = (uint8_t)(four_byte_value);
  66              	 .loc 1 52 0
  67 000c C170     	 strb r1,[r0,#3]
  68 000e 7047     	 bx lr
  69              	 .cfi_endproc
  70              	.LFE1:
  72              	 .section .text.optiga_common_get_uint32,"ax",%progbits
  73              	 .align 1
  74              	 .global optiga_common_get_uint32
  75              	 .thumb
  76              	 .thumb_func
  78              	optiga_common_get_uint32:
  79              	.LFB2:
  53:C:/Users/Yushev/git/optiga-trust-qi/optiga/common\optiga_lib_common.c **** }
  54:C:/Users/Yushev/git/optiga-trust-qi/optiga/common\optiga_lib_common.c **** 
  55:C:/Users/Yushev/git/optiga-trust-qi/optiga/common\optiga_lib_common.c **** uint32_t optiga_common_get_uint32 (const uint8_t* p_input_buffer)
  56:C:/Users/Yushev/git/optiga-trust-qi/optiga/common\optiga_lib_common.c **** {
  80              	 .loc 1 56 0
  81              	 .cfi_startproc
  82              	 
  83              	 
  84              	 
  85              	.LVL2:
  57:C:/Users/Yushev/git/optiga-trust-qi/optiga/common\optiga_lib_common.c ****     uint32_t four_byte_value;
  58:C:/Users/Yushev/git/optiga-trust-qi/optiga/common\optiga_lib_common.c ****     four_byte_value = ((uint32_t)(*p_input_buffer))<< 24 | ((uint32_t)(*(p_input_buffer + 1))<< 16 
  86              	 .loc 1 58 0
  87 0000 4378     	 ldrb r3,[r0,#1]
  88              	.LVL3:
  89 0002 0278     	 ldrb r2,[r0]
  90              	.LVL4:
  91 0004 1B04     	 lsls r3,r3,#16
  92              	.LVL5:
  93 0006 43EA0263 	 orr r3,r3,r2,lsl#24
  59:C:/Users/Yushev/git/optiga-trust-qi/optiga/common\optiga_lib_common.c ****                       ((uint32_t)(*(p_input_buffer + 2)))<< 8 | (uint32_t)(*(p_input_buffer + 3)));
  94              	 .loc 1 59 0
  95 000a C278     	 ldrb r2,[r0,#3]
  96              	.LVL6:
  97 000c 8078     	 ldrb r0,[r0,#2]
  98              	.LVL7:
  99 000e 1343     	 orrs r3,r3,r2
  60:C:/Users/Yushev/git/optiga-trust-qi/optiga/common\optiga_lib_common.c **** 
  61:C:/Users/Yushev/git/optiga-trust-qi/optiga/common\optiga_lib_common.c ****     return (four_byte_value);
  62:C:/Users/Yushev/git/optiga-trust-qi/optiga/common\optiga_lib_common.c **** }
 100              	 .loc 1 62 0
 101 0010 43EA0020 	 orr r0,r3,r0,lsl#8
 102              	.LVL8:
 103 0014 7047     	 bx lr
 104              	 .cfi_endproc
 105              	.LFE2:
 107              	 .section .text.optiga_common_get_uint16,"ax",%progbits
 108              	 .align 1
 109              	 .global optiga_common_get_uint16
 110              	 .thumb
 111              	 .thumb_func
 113              	optiga_common_get_uint16:
 114              	.LFB3:
  63:C:/Users/Yushev/git/optiga-trust-qi/optiga/common\optiga_lib_common.c **** 
  64:C:/Users/Yushev/git/optiga-trust-qi/optiga/common\optiga_lib_common.c **** void optiga_common_get_uint16 (const uint8_t * p_input_buffer,uint16_t* p_two_byte_value)
  65:C:/Users/Yushev/git/optiga-trust-qi/optiga/common\optiga_lib_common.c **** {
 115              	 .loc 1 65 0
 116              	 .cfi_startproc
 117              	 
 118              	 
 119              	 
 120              	.LVL9:
  66:C:/Users/Yushev/git/optiga-trust-qi/optiga/common\optiga_lib_common.c ****     *p_two_byte_value = (uint16_t)(*p_input_buffer << 8);
 121              	 .loc 1 66 0
 122 0000 0378     	 ldrb r3,[r0]
 123 0002 1B02     	 lsls r3,r3,#8
 124 0004 0B80     	 strh r3,[r1]
  67:C:/Users/Yushev/git/optiga-trust-qi/optiga/common\optiga_lib_common.c ****     *p_two_byte_value |= (uint16_t)(*(p_input_buffer+1));
 125              	 .loc 1 67 0
 126 0006 4278     	 ldrb r2,[r0,#1]
 127 0008 1343     	 orrs r3,r3,r2
 128 000a 0B80     	 strh r3,[r1]
 129 000c 7047     	 bx lr
 130              	 .cfi_endproc
 131              	.LFE3:
 133              	 .text
 134              	.Letext0:
 135              	 .file 2 "c:\\users\\yushev\\dave_4-4-2_32bit_2018-02-23\\dave-ide-4.4.2-32bit\\eclipse\\arm-gcc-49\\arm-none-eabi\\include\\machine\\_default_types.h"
 136              	 .file 3 "c:\\users\\yushev\\dave_4-4-2_32bit_2018-02-23\\dave-ide-4.4.2-32bit\\eclipse\\arm-gcc-49\\arm-none-eabi\\include\\stdint.h"
DEFINED SYMBOLS
                            *ABS*:00000000 optiga_lib_common.c
    {standard input}:20     .text.optiga_common_set_uint16:00000000 $t
    {standard input}:25     .text.optiga_common_set_uint16:00000000 optiga_common_set_uint16
    {standard input}:44     .text.optiga_common_set_uint32:00000000 $t
    {standard input}:49     .text.optiga_common_set_uint32:00000000 optiga_common_set_uint32
    {standard input}:73     .text.optiga_common_get_uint32:00000000 $t
    {standard input}:78     .text.optiga_common_get_uint32:00000000 optiga_common_get_uint32
    {standard input}:108    .text.optiga_common_get_uint16:00000000 $t
    {standard input}:113    .text.optiga_common_get_uint16:00000000 optiga_common_get_uint16
                     .debug_frame:00000010 $d

NO UNDEFINED SYMBOLS
