   1              	 .syntax unified
   2              	 .cpu cortex-m4
   3              	 .eabi_attribute 27,3
   4              	 .fpu fpv4-sp-d16
   5              	 .eabi_attribute 20,1
   6              	 .eabi_attribute 21,1
   7              	 .eabi_attribute 23,3
   8              	 .eabi_attribute 24,1
   9              	 .eabi_attribute 25,1
  10              	 .eabi_attribute 26,1
  11              	 .eabi_attribute 30,6
  12              	 .eabi_attribute 34,1
  13              	 .eabi_attribute 18,4
  14              	 .thumb
  15              	 .file "ifx_i2c_config.c"
  16              	 .text
  17              	.Ltext0:
  18              	 .cfi_sections .debug_frame
  19              	 .global ifx_i2c_context_0
  20              	 .section .data.ifx_i2c_context_0,"aw",%progbits
  21              	 .align 2
  24              	ifx_i2c_context_0:
  25 0000 30       	 .byte 48
  26 0001 00       	 .space 1
  27 0002 9001     	 .short 400
  28 0004 1501     	 .short 277
  29 0006 0000     	 .space 2
  30 0008 00000000 	 .word optiga_vdd_0
  31 000c 00000000 	 .word optiga_reset_0
  32 0010 00000000 	 .word optiga_pal_i2c_context_0
  33 0014 00000000 	 .space 964
  33      00000000 
  33      00000000 
  33      00000000 
  33      00000000 
  34              	 .text
  35              	.Letext0:
  36              	 .file 1 "c:\\users\\yushev\\dave_4-4-2_32bit_2018-02-23\\dave-ide-4.4.2-32bit\\eclipse\\arm-gcc-49\\arm-none-eabi\\include\\machine\\_default_types.h"
  37              	 .file 2 "c:\\users\\yushev\\dave_4-4-2_32bit_2018-02-23\\dave-ide-4.4.2-32bit\\eclipse\\arm-gcc-49\\arm-none-eabi\\include\\stdint.h"
  38              	 .file 3 "C:/Users/Yushev/git/wpcqi-optiga-trust-charge/optiga/optiga/include/optiga/common/optiga_lib_types.h"
  39              	 .file 4 "C:/Users/Yushev/git/wpcqi-optiga-trust-charge/optiga/optiga/include/optiga/pal/pal_i2c.h"
  40              	 .file 5 "C:/Users/Yushev/git/wpcqi-optiga-trust-charge/optiga/optiga/include/optiga/pal/pal_gpio.h"
  41              	 .file 6 "C:/Users/Yushev/git/wpcqi-optiga-trust-charge/optiga/optiga/include/optiga/ifx_i2c/ifx_i2c_config.h"
  42              	 .file 7 "C:/Users/Yushev/git/wpcqi-optiga-trust-charge/optiga/optiga/include/optiga/pal/pal_ifx_i2c_config.h"
  43              	 .file 8 "C:/Users/Yushev/git/wpcqi-optiga-trust-charge/optiga/optiga/comms/ifx_i2c/ifx_i2c_config.c"
DEFINED SYMBOLS
                            *ABS*:00000000 ifx_i2c_config.c
    {standard input}:24     .data.ifx_i2c_context_0:00000000 ifx_i2c_context_0
    {standard input}:21     .data.ifx_i2c_context_0:00000000 $d

UNDEFINED SYMBOLS
optiga_vdd_0
optiga_reset_0
optiga_pal_i2c_context_0
