   1              	 .syntax unified
   2              	 .cpu cortex-m4
   3              	 .eabi_attribute 27,3
   4              	 .fpu fpv4-sp-d16
   5              	 .eabi_attribute 20,1
   6              	 .eabi_attribute 21,1
   7              	 .eabi_attribute 23,3
   8              	 .eabi_attribute 24,1
   9              	 .eabi_attribute 25,1
  10              	 .eabi_attribute 26,1
  11              	 .eabi_attribute 30,6
  12              	 .eabi_attribute 34,1
  13              	 .eabi_attribute 18,4
  14              	 .thumb
  15              	 .file "interrupt_conf.c"
  16              	 .text
  17              	.Ltext0:
  18              	 .cfi_sections .debug_frame
  19              	 .global tick_timer_intr
  20              	 .section .rodata.tick_timer_intr,"a",%progbits
  21              	 .align 2
  24              	tick_timer_intr:
  25 0000 31       	 .byte 49
  26 0001 3F       	 .byte 63
  27 0002 00       	 .byte 0
  28 0003 01       	 .byte 1
  29              	 .global scheduler_timer_intr
  30              	 .section .rodata.scheduler_timer_intr,"a",%progbits
  31              	 .align 2
  34              	scheduler_timer_intr:
  35 0000 39       	 .byte 57
  36 0001 3D       	 .byte 61
  37 0002 00       	 .byte 0
  38 0003 01       	 .byte 1
  39              	 .text
  40              	.Letext0:
  41              	 .file 1 "c:\\users\\yushev\\dave_4-4-2_32bit_2018-02-23\\dave-ide-4.4.2-32bit\\eclipse\\arm-gcc-49\\arm-none-eabi\\include\\machine\\_default_types.h"
  42              	 .file 2 "c:\\users\\yushev\\dave_4-4-2_32bit_2018-02-23\\dave-ide-4.4.2-32bit\\eclipse\\arm-gcc-49\\arm-none-eabi\\include\\stdint.h"
  43              	 .file 3 "C:/Users/Yushev/git/wpcqi-optiga-trust-charge/projects/xmc4700_relax_kit_qi_auth_example/common/Libraries/CMSIS/Infineon/XMC4700_series/Include/XMC4700.h"
  44              	 .file 4 "C:/Users/Yushev/git/wpcqi-optiga-trust-charge/projects/xmc4700_relax_kit_qi_auth_example/common/Dave/Generated/INTERRUPT/interrupt.h"
  45              	 .file 5 "C:/Users/Yushev/git/wpcqi-optiga-trust-charge/projects/xmc4700_relax_kit_qi_auth_example/common/Libraries/CMSIS/Include/core_cm4.h"
  46              	 .file 6 "C:/Users/Yushev/git/wpcqi-optiga-trust-charge/projects/xmc4700_relax_kit_qi_auth_example/common/Dave/Generated/INTERRUPT/interrupt_conf.c"
DEFINED SYMBOLS
                            *ABS*:00000000 interrupt_conf.c
    {standard input}:24     .rodata.tick_timer_intr:00000000 tick_timer_intr
    {standard input}:21     .rodata.tick_timer_intr:00000000 $d
    {standard input}:34     .rodata.scheduler_timer_intr:00000000 scheduler_timer_intr
    {standard input}:31     .rodata.scheduler_timer_intr:00000000 $d

NO UNDEFINED SYMBOLS
